SF:lib\core\activity-management\data\models\recommendation-category-model.dart
DA:9,3
DA:17,0
DA:27,0
DA:28,0
DA:29,0
DA:30,0
DA:31,0
DA:32,0
DA:34,0
DA:35,0
DA:41,0
DA:42,0
DA:44,0
DA:45,0
DA:46,0
DA:47,0
DA:48,0
LF:17
LH:1
end_of_record
SF:lib\core\activity-management\domain\entities\recommendation-activity.dart
DA:29,102
DA:46,0
DA:48,0
DA:49,0
DA:50,0
DA:51,0
DA:52,0
DA:53,0
DA:54,0
DA:55,0
DA:56,0
DA:57,0
DA:58,0
DA:59,0
DA:60,0
DA:61,0
DA:62,0
DA:63,0
DA:67,0
DA:70,0
DA:87,0
DA:88,0
DA:89,0
DA:90,0
DA:91,0
DA:92,0
DA:94,0
DA:95,0
DA:96,0
DA:97,0
DA:98,0
DA:99,0
DA:100,0
DA:101,0
DA:103,0
DA:104,0
LF:36
LH:1
end_of_record
SF:lib\core\activity-management\domain\entities\recommendation-category.dart
DA:18,112
DA:27,0
DA:29,0
DA:30,0
DA:31,0
DA:32,0
DA:33,0
DA:34,0
DA:35,0
DA:36,0
DA:40,0
DA:49,0
DA:50,0
DA:51,0
DA:52,0
DA:53,0
DA:55,0
DA:57,0
DA:58,0
DA:62,0
LF:20
LH:1
end_of_record
SF:lib\core\activity-management\domain\entities\recommendation-step.dart
DA:19,102
DA:29,0
DA:31,0
DA:32,0
DA:33,0
DA:34,0
DA:35,0
DA:36,0
DA:37,0
DA:38,0
DA:39,0
DA:43,0
DA:53,0
DA:54,0
DA:55,0
DA:56,0
DA:57,0
DA:58,0
DA:59,0
DA:60,0
DA:61,0
DA:65,0
LF:22
LH:1
end_of_record
SF:lib\core\activity-management\domain\entities\recommendation.dart
DA:13,101
DA:17,0
DA:19,0
DA:21,0
DA:25,0
DA:26,0
DA:27,0
DA:30,0
LF:8
LH:1
end_of_record
SF:lib\core\activity-management\domain\entities\tag.dart
DA:12,101
DA:19,0
DA:20,0
DA:22,0
DA:25,0
DA:31,0
DA:32,0
DA:33,0
DA:34,0
DA:35,0
LF:10
LH:1
end_of_record
SF:lib\core\activity-management\domain\usecases\get-activity-categories.dart
DA:19,1
DA:22,1
DA:25,2
DA:26,1
DA:34,1
DA:37,0
DA:38,0
LF:7
LH:5
end_of_record
SF:lib\core\usecase\usecase.dart
DA:13,0
DA:14,0
LF:2
LH:0
end_of_record
SF:lib\core\image\image.dart
DA:9,930
DA:10,0
DA:11,0
LF:3
LH:1
end_of_record
SF:lib\core\error\failures.dart
DA:8,151
DA:12,21
DA:13,21
DA:17,0
DA:18,0
DA:22,20
DA:23,20
DA:27,0
DA:28,0
DA:32,0
DA:33,0
DA:37,0
DA:38,0
DA:45,100
DA:49,0
DA:50,0
DA:54,0
DA:55,0
DA:59,0
DA:60,0
DA:66,100
DA:68,0
DA:69,0
LF:23
LH:7
end_of_record
SF:lib\core\app-page-status\domain\entities\app-route.dart
DA:7,103
DA:11,1
DA:12,2
LF:3
LH:3
end_of_record
SF:lib\core\activity-management\domain\entities\activity-schedule-guided.dart
DA:17,101
DA:23,0
DA:24,0
DA:26,0
LF:4
LH:1
end_of_record
SF:lib\core\activity-management\domain\entities\guided-activity-recommendation.dart
DA:23,101
DA:33,0
DA:35,0
DA:36,0
DA:37,0
DA:38,0
DA:39,0
DA:40,0
DA:41,0
DA:42,0
DA:43,0
DA:47,0
LF:12
LH:1
end_of_record
SF:lib\core\activity-management\domain\entities\path-information-guided.dart
DA:15,101
DA:23,0
DA:25,0
DA:26,0
DA:27,0
DA:28,0
DA:29,0
DA:30,0
DA:31,0
DA:35,0
LF:10
LH:1
end_of_record
SF:lib\core\activity-management\domain\usecases\get-activity-schedule-for-guided-plan.dart
DA:17,1
DA:21,1
DA:22,2
LF:3
LH:3
end_of_record
SF:lib\core\activity-management\domain\usecases\get-all-recommendation-categories.dart
DA:17,1
DA:21,1
DA:23,2
LF:3
LH:3
end_of_record
SF:lib\core\activity-management\domain\entities\recommendation-input.dart
DA:15,1
DA:24,0
DA:26,0
DA:27,0
DA:28,0
DA:29,0
DA:30,0
DA:31,0
DA:32,0
LF:9
LH:1
end_of_record
SF:lib\core\activity-management\domain\usecases\get-persisted-feedbacks.dart
DA:12,1
DA:16,1
DA:18,2
LF:3
LH:3
end_of_record
SF:lib\core\activity-management\data\models\activity-status-model.dart
DA:8,3
DA:15,0
DA:24,0
DA:25,0
DA:26,0
DA:27,0
DA:28,0
DA:29,0
DA:30,0
DA:31,0
DA:35,0
DA:36,0
DA:37,0
DA:38,0
DA:39,0
DA:40,0
DA:41,0
DA:42,0
LF:18
LH:1
end_of_record
SF:lib\core\activity-management\domain\entities\activity-status.dart
DA:14,2
DA:22,0
DA:24,0
DA:25,0
DA:26,0
DA:27,0
DA:28,0
DA:29,0
DA:30,0
DA:34,0
DA:42,0
DA:43,0
DA:44,0
DA:45,0
DA:46,0
DA:47,0
DA:48,0
DA:52,0
LF:18
LH:1
end_of_record
SF:lib\core\activity-management\domain\usecases\persist-recommendation-feedback.dart
DA:18,1
DA:22,1
DA:24,2
DA:25,1
DA:26,1
DA:27,1
DA:36,1
DA:41,0
DA:42,0
DA:43,0
DA:44,0
DA:45,0
LF:12
LH:7
end_of_record
SF:lib\core\activity-management\data\models\feedback-model.dart
DA:9,2
DA:15,0
DA:23,0
DA:24,0
DA:25,0
DA:26,0
DA:28,0
DA:29,0
DA:30,0
DA:31,0
DA:35,0
DA:36,0
DA:37,0
DA:38,0
DA:39,0
DA:40,0
DA:41,0
LF:17
LH:1
end_of_record
SF:lib\core\activity-management\data\models\feedback-mood-model.dart
DA:8,2
DA:11,0
DA:16,0
DA:17,0
DA:18,0
DA:19,0
DA:23,0
DA:24,0
DA:25,0
DA:26,0
LF:10
LH:1
end_of_record
SF:lib\core\activity-management\domain\usecases\rate-recommendation-flow.dart
DA:18,1
DA:22,1
DA:24,2
DA:25,1
DA:32,1
DA:35,0
DA:37,0
LF:7
LH:5
end_of_record
SF:lib\core\activity-management\domain\entities\feedback.dart
DA:16,101
DA:23,0
DA:25,0
DA:26,0
DA:27,0
DA:28,0
DA:29,0
DA:30,0
LF:8
LH:1
end_of_record
SF:lib\core\activity-management\domain\entities\feedback-mood.dart
DA:10,101
DA:14,0
DA:15,0
LF:3
LH:1
end_of_record
SF:lib\core\activity-management\domain\usecases\start-activity.dart
DA:17,1
DA:21,1
DA:23,2
DA:24,1
DA:25,1
DA:34,1
DA:38,0
DA:39,0
LF:8
LH:6
end_of_record
SF:lib\core\activity-management\domain\usecases\update-activity-status.dart
DA:18,1
DA:22,1
DA:24,2
DA:25,1
DA:26,1
DA:35,1
DA:39,0
DA:40,0
LF:8
LH:6
end_of_record
SF:lib\core\app-page-status\data\models\app-route-model.dart
DA:5,105
LF:1
LH:1
end_of_record
SF:lib\core\activity-management\data\models\recommendation-activity-model.dart
DA:12,1
DA:28,0
DA:46,0
DA:47,0
DA:48,0
DA:49,0
DA:50,0
DA:52,0
DA:54,0
DA:55,0
DA:56,0
DA:57,0
DA:58,0
DA:59,0
DA:60,0
DA:62,0
DA:63,0
DA:64,0
DA:66,0
DA:67,0
DA:68,0
DA:71,0
DA:72,0
DA:73,0
DA:74,0
DA:78,0
DA:79,0
DA:80,0
DA:81,0
DA:82,0
DA:86,0
DA:88,0
DA:89,0
DA:90,0
DA:94,0
DA:98,0
DA:99,0
DA:100,0
DA:101,0
DA:102,0
DA:104,0
DA:105,0
DA:106,0
DA:107,0
DA:108,0
DA:109,0
DA:110,0
DA:111,0
DA:112,0
DA:113,0
DA:114,0
DA:115,0
DA:117,0
DA:118,0
DA:119,0
DA:120,0
DA:122,0
LF:57
LH:1
end_of_record
SF:lib\core\activity-management\data\models\recommendation-model.dart
DA:9,1
DA:12,0
DA:17,0
DA:18,0
DA:19,0
DA:20,0
DA:22,0
DA:26,0
DA:27,0
DA:28,0
DA:29,0
LF:11
LH:1
end_of_record
SF:lib\core\activity-management\data\models\recommendation-step-model.dart
DA:9,1
DA:18,0
DA:29,0
DA:30,0
DA:31,0
DA:32,0
DA:33,0
DA:34,0
DA:35,0
DA:37,0
DA:38,0
DA:42,0
DA:43,0
DA:44,0
DA:45,0
DA:46,0
DA:47,0
DA:48,0
DA:50,0
DA:51,0
LF:20
LH:1
end_of_record
SF:lib\core\activity-management\data\models\tag-model.dart
DA:8,1
DA:13,0
DA:20,0
DA:21,0
DA:22,0
DA:23,0
DA:24,0
DA:26,0
DA:29,0
DA:30,0
DA:31,0
DA:36,0
DA:37,0
DA:38,0
DA:39,0
DA:40,0
DA:41,0
LF:17
LH:1
end_of_record
SF:lib\core\activity-management\data\repositories\get-activity-category-repository-impl.dart
DA:20,1
DA:25,1
DA:28,2
DA:29,3
LF:4
LH:4
end_of_record
SF:lib\core\activity-management\data\sources\get-category-activites-remote-data-source.dart
DA:31,0
DA:36,0
DA:39,0
DA:40,0
DA:41,0
DA:42,0
DA:45,0
DA:47,0
DA:49,0
DA:50,0
DA:54,0
LF:11
LH:0
end_of_record
SF:lib\core\platform\network_info.dart
DA:11,0
DA:13,0
LF:2
LH:0
end_of_record
SF:lib\core\repository\base-repository-impl.dart
DA:11,21
DA:16,21
DA:17,42
DA:18,63
DA:19,42
LF:5
LH:5
end_of_record
SF:lib\core\repository\call-if-network-connected.dart
DA:9,21
DA:13,21
DA:15,63
DA:16,42
DA:19,40
LF:5
LH:5
end_of_record
SF:lib\core\repository\handle-exception.dart
DA:9,21
DA:11,42
DA:12,21
DA:13,21
DA:14,0
DA:15,0
DA:16,0
DA:17,0
DA:20,21
DA:27,21
DA:28,0
DA:29,21
DA:30,42
LF:13
LH:8
end_of_record
SF:lib\core\data-source\api-client.dart
DA:9,0
DA:12,0
DA:16,0
DA:17,0
DA:18,0
DA:23,0
DA:24,0
DA:29,0
DA:32,0
DA:33,0
DA:34,0
DA:38,0
DA:39,0
LF:13
LH:0
end_of_record
SF:lib\core\data-source\throw-exception-if-response-error.dart
DA:6,48
DA:7,16
DA:12,16
DA:14,16
DA:19,32
DA:21,2
DA:24,16
LF:7
LH:7
end_of_record
SF:lib\core\routes\api-routes\api-routes.dart
DA:7,0
DA:10,0
DA:11,0
DA:12,0
DA:16,2
DA:17,2
DA:18,4
DA:19,4
DA:20,0
DA:22,0
DA:24,2
DA:25,2
DA:29,4
DA:30,2
DA:31,2
DA:32,2
DA:33,2
DA:34,2
DA:35,2
DA:40,0
DA:44,0
DA:46,2
DA:47,2
DA:48,2
DA:49,2
DA:53,4
DA:54,4
DA:55,4
DA:61,0
DA:63,2
DA:64,2
DA:65,4
DA:67,0
DA:72,0
DA:75,0
DA:79,0
DA:80,0
DA:84,0
DA:86,0
DA:89,0
DA:91,0
DA:94,0
DA:98,0
DA:102,0
DA:107,0
DA:109,0
DA:114,0
DA:115,0
DA:116,0
DA:117,0
LF:50
LH:23
end_of_record
SF:lib\core\session-manager\session-manager.dart
DA:18,0
DA:19,0
DA:22,0
DA:24,0
DA:28,0
DA:31,0
DA:34,0
DA:37,0
DA:38,0
DA:41,0
DA:43,0
DA:46,0
DA:47,0
DA:48,0
DA:51,0
DA:54,0
DA:57,0
DA:60,0
DA:65,0
DA:71,0
DA:73,0
DA:74,0
DA:76,0
DA:78,0
DA:79,0
DA:86,0
DA:90,0
DA:91,0
DA:93,0
DA:94,0
DA:96,0
DA:98,0
DA:100,0
DA:102,0
DA:104,0
DA:106,0
DA:108,0
DA:110,0
DA:113,0
DA:117,0
LF:40
LH:0
end_of_record
SF:lib\core\activity-management\data\models\activity-scedule-guided-model.dart
DA:11,2
DA:16,0
DA:23,0
DA:24,0
DA:25,0
DA:26,0
DA:27,0
DA:29,0
DA:30,0
DA:31,0
DA:35,0
DA:36,0
DA:37,0
DA:38,0
DA:42,0
LF:15
LH:1
end_of_record
SF:lib\core\activity-management\data\models\guided-activity-recommendation-model.dart
DA:10,2
DA:19,0
DA:30,0
DA:32,0
DA:33,0
DA:34,0
DA:37,0
DA:38,0
DA:39,0
DA:40,0
DA:41,0
DA:42,0
DA:43,0
DA:47,0
LF:14
LH:1
end_of_record
SF:lib\core\activity-management\data\models\path-information-model.dart
DA:8,2
DA:15,0
DA:24,0
DA:25,0
DA:26,0
DA:27,0
DA:28,0
DA:29,0
DA:30,0
DA:31,0
DA:35,0
DA:36,0
DA:37,0
DA:38,0
DA:39,0
DA:40,0
DA:41,0
DA:42,0
LF:18
LH:1
end_of_record
SF:lib\core\activity-management\data\models\recommendation-input-model.dart
DA:8,0
DA:15,0
DA:24,0
DA:25,0
DA:26,0
DA:27,0
DA:28,0
DA:29,0
DA:30,0
DA:31,0
DA:36,0
DA:37,0
DA:38,0
DA:39,0
DA:40,0
DA:41,0
DA:42,0
DA:43,0
LF:18
LH:0
end_of_record
SF:lib\core\activity-management\data\sources\get-activity-schedule-for-guided-plan-remote-data-source.dart
DA:21,0
DA:26,0
DA:27,0
DA:28,0
DA:30,0
DA:31,0
DA:32,0
LF:7
LH:0
end_of_record
SF:lib\core\activity-management\presentation\controller\path-controller.dart
DA:42,100
DA:65,0
DA:101,0
DA:103,0
DA:104,0
DA:105,0
DA:106,0
DA:108,0
DA:109,0
DA:110,0
DA:118,0
DA:120,0
DA:121,0
DA:122,0
DA:123,0
DA:125,0
DA:126,0
DA:127,0
DA:132,0
DA:135,0
DA:136,0
DA:137,0
DA:141,0
DA:142,0
DA:143,0
DA:144,0
DA:146,0
DA:147,0
DA:148,0
DA:149,0
DA:150,0
DA:157,0
DA:159,0
DA:160,0
DA:161,0
DA:166,0
DA:167,0
DA:168,0
DA:169,0
DA:171,0
DA:172,0
DA:173,0
DA:178,0
DA:181,0
DA:182,0
DA:183,0
DA:184,0
DA:185,0
DA:188,0
DA:189,0
DA:190,0
DA:191,0
DA:193,0
DA:195,0
DA:196,0
DA:198,0
DA:200,0
DA:201,0
DA:206,0
DA:207,0
DA:208,0
DA:209,0
DA:211,0
DA:212,0
DA:213,0
DA:219,0
DA:220,0
DA:221,0
DA:223,0
DA:229,0
DA:230,0
DA:231,0
DA:232,0
DA:234,0
DA:235,0
DA:236,0
DA:239,0
DA:240,0
DA:241,0
DA:242,0
DA:244,0
DA:245,0
DA:247,0
DA:248,0
DA:252,0
DA:256,0
DA:259,0
DA:266,0
DA:270,0
DA:271,0
DA:272,0
DA:273,0
DA:274,0
DA:280,0
DA:281,0
DA:282,0
DA:286,0
DA:287,0
DA:288,0
DA:289,0
DA:291,0
DA:292,0
DA:293,0
DA:295,0
DA:296,0
DA:302,0
DA:303,0
DA:304,0
DA:306,0
DA:307,0
DA:308,0
DA:310,0
DA:311,0
DA:342,0
DA:343,0
DA:346,0
DA:347,0
DA:352,0
DA:353,0
DA:358,0
DA:359,0
DA:360,0
DA:361,0
DA:362,0
DA:363,0
DA:364,0
DA:365,0
DA:366,0
DA:371,0
DA:372,0
DA:373,0
DA:377,0
DA:378,0
DA:382,0
DA:383,0
DA:390,0
DA:395,0
DA:396,0
DA:397,0
DA:398,0
DA:399,0
DA:400,0
DA:404,0
DA:405,0
DA:409,0
DA:410,0
DA:418,0
DA:419,0
DA:421,0
DA:422,0
DA:423,0
DA:424,0
DA:427,0
DA:428,0
DA:429,0
DA:430,0
DA:434,0
DA:435,0
DA:436,0
DA:438,0
DA:440,0
DA:445,0
DA:446,0
DA:447,0
DA:448,0
DA:449,0
DA:450,0
DA:451,0
DA:452,0
DA:456,0
DA:457,0
DA:458,0
LF:172
LH:1
end_of_record
SF:lib\core\cache-manager\data\models\cache-acitivity-model.dart
DA:8,2
DA:13,0
DA:20,0
DA:21,0
DA:22,0
DA:23,0
DA:24,0
DA:25,0
DA:29,0
DA:30,0
DA:31,0
DA:32,0
DA:33,0
DA:34,0
LF:14
LH:1
end_of_record
SF:lib\core\cache-manager\domain\usecases\cache-most-recent-acitivity.dart
DA:18,1
DA:22,1
DA:24,2
DA:25,1
DA:32,1
DA:35,0
DA:36,0
DA:37,0
LF:8
LH:5
end_of_record
SF:lib\core\cache-manager\domain\usecases\retireve-user-path.dart
DA:15,1
DA:19,1
DA:20,2
LF:3
LH:3
end_of_record
SF:lib\core\cache-manager\domain\usecases\save-feedback.dart
DA:16,1
DA:18,1
DA:19,2
DA:20,1
DA:21,1
DA:22,1
DA:23,1
DA:24,1
DA:25,1
DA:38,1
DA:46,0
DA:48,0
DA:49,0
DA:50,0
DA:51,0
DA:52,0
DA:53,0
DA:54,0
LF:18
LH:10
end_of_record
SF:lib\core\error\display-error-info.dart
DA:6,0
DA:7,0
DA:8,0
DA:9,0
DA:10,0
DA:12,0
DA:15,0
DA:16,0
DA:20,0
DA:23,0
DA:24,0
DA:28,0
DA:31,0
DA:32,0
DA:36,0
DA:37,0
DA:41,0
DA:42,0
DA:46,0
DA:49,0
DA:50,0
DA:54,0
DA:55,0
DA:59,0
DA:60,0
DA:64,0
DA:65,0
DA:69,0
DA:73,0
LF:29
LH:0
end_of_record
SF:lib\core\extensions\enum-to-string.dart
DA:3,0
LF:1
LH:0
end_of_record
SF:lib\core\routes\app-routes\app-routes.dart
DA:66,0
DA:71,0
DA:72,0
DA:73,0
DA:74,0
DA:75,0
DA:79,0
DA:80,0
DA:82,0
DA:83,0
DA:84,0
DA:91,0
DA:92,0
DA:94,0
DA:95,0
DA:96,0
DA:103,0
DA:104,0
DA:106,0
DA:107,0
DA:108,0
DA:109,0
DA:117,0
DA:118,0
DA:120,0
DA:121,0
DA:122,0
DA:123,0
DA:124,0
DA:127,0
DA:132,0
DA:133,0
DA:134,0
DA:137,0
DA:138,0
DA:139,0
DA:143,0
DA:144,0
DA:145,0
DA:149,0
DA:150,0
DA:152,0
DA:153,0
DA:154,0
DA:155,0
DA:158,0
DA:163,0
DA:164,0
DA:166,0
DA:167,0
DA:168,0
DA:171,0
DA:172,0
DA:174,0
DA:175,0
DA:176,0
DA:177,0
DA:185,0
DA:186,0
DA:188,0
DA:189,0
DA:190,0
DA:191,0
DA:192,0
DA:195,0
DA:200,0
DA:201,0
DA:203,0
DA:204,0
DA:205,0
DA:206,0
DA:207,0
DA:210,0
DA:215,0
DA:216,0
DA:219,0
DA:220,0
DA:221,0
DA:222,0
DA:229,0
DA:230,0
DA:233,0
DA:234,0
DA:235,0
DA:236,0
DA:243,0
DA:244,0
DA:247,0
DA:248,0
DA:249,0
DA:250,0
DA:257,0
DA:258,0
DA:262,0
DA:263,0
DA:264,0
DA:272,0
DA:273,0
DA:275,0
DA:276,0
DA:278,0
DA:279,0
DA:280,0
DA:281,0
DA:282,0
DA:285,0
DA:291,0
DA:292,0
DA:294,0
DA:295,0
DA:296,0
DA:297,0
DA:298,0
DA:301,0
DA:306,0
DA:307,0
DA:309,0
DA:310,0
DA:311,0
DA:312,0
DA:313,0
DA:316,0
DA:323,0
DA:324,0
DA:326,0
DA:327,0
DA:328,0
DA:329,0
DA:330,0
DA:333,0
DA:338,0
DA:339,0
DA:341,0
DA:342,0
DA:343,0
DA:344,0
DA:347,0
DA:352,0
DA:353,0
DA:354,0
LF:140
LH:0
end_of_record
SF:lib\core\voicenotes\presentation\controller\voice-notes-controller.dart
DA:36,0
DA:55,0
DA:56,0
DA:57,0
DA:58,0
DA:59,0
DA:61,0
DA:62,0
DA:67,0
DA:68,0
DA:69,0
DA:71,0
DA:72,0
DA:73,0
DA:75,0
DA:76,0
DA:77,0
DA:79,0
DA:80,0
DA:81,0
DA:82,0
DA:89,0
DA:90,0
DA:91,0
DA:92,0
DA:94,0
DA:95,0
DA:96,0
DA:97,0
DA:99,0
DA:100,0
DA:101,0
DA:107,0
DA:108,0
DA:109,0
DA:111,0
DA:112,0
DA:113,0
DA:115,0
DA:116,0
DA:117,0
DA:123,0
DA:124,0
DA:125,0
DA:126,0
DA:130,0
DA:131,0
DA:135,0
DA:136,0
DA:137,0
DA:139,0
DA:140,0
DA:145,0
DA:146,0
DA:147,0
DA:148,0
DA:149,0
DA:151,0
DA:152,0
DA:157,0
DA:158,0
DA:159,0
DA:160,0
DA:161,0
DA:163,0
DA:167,0
DA:168,0
DA:169,0
DA:170,0
DA:171,0
DA:173,0
DA:177,0
DA:178,0
DA:179,0
DA:180,0
DA:183,0
DA:184,0
DA:185,0
DA:187,0
DA:188,0
DA:189,0
DA:196,0
DA:197,0
DA:198,0
DA:199,0
DA:203,0
DA:204,0
DA:205,0
DA:206,0
DA:209,0
DA:210,0
DA:211,0
DA:212,0
DA:213,0
DA:215,0
DA:216,0
DA:217,0
DA:218,0
DA:223,0
DA:224,0
DA:231,0
DA:232,0
DA:243,0
DA:244,0
DA:245,0
DA:247,0
DA:248,0
DA:249,0
DA:253,0
DA:254,0
DA:255,0
DA:256,0
DA:260,0
DA:261,0
DA:262,0
DA:263,0
DA:267,0
DA:268,0
DA:269,0
DA:270,0
LF:120
LH:0
end_of_record
SF:lib\core\activity-management\presentation\widget\guided_path-plan-inside.dart
DA:25,0
DA:27,0
DA:28,0
DA:29,0
DA:30,0
DA:32,0
DA:33,0
DA:35,0
DA:36,0
DA:37,0
DA:39,0
DA:40,0
DA:41,0
DA:43,0
DA:47,0
DA:48,0
DA:49,0
DA:50,0
DA:52,0
DA:53,0
DA:54,0
DA:56,0
DA:57,0
DA:58,0
DA:60,0
DA:62,0
DA:63,0
DA:64,0
DA:68,0
DA:69,0
DA:70,0
DA:71,0
DA:72,0
DA:73,0
DA:77,0
DA:78,0
DA:79,0
DA:80,0
DA:81,0
DA:82,0
DA:83,0
DA:87,0
DA:88,0
DA:90,0
DA:95,0
DA:96,0
DA:97,0
DA:98,0
DA:99,0
DA:100,0
DA:101,0
DA:102,0
DA:104,0
DA:106,0
DA:107,0
DA:108,0
DA:118,0
DA:119,0
DA:121,0
DA:122,0
DA:123,0
DA:124,0
DA:125,0
DA:128,0
DA:129,0
DA:130,0
DA:131,0
DA:134,0
DA:135,0
DA:136,0
DA:140,0
DA:141,0
DA:147,0
DA:149,0
LF:74
LH:0
end_of_record
SF:lib\core\duration-tracker\duration-tracker-controller.dart
DA:15,0
DA:33,0
DA:35,0
DA:36,0
DA:38,0
DA:40,0
DA:41,0
DA:46,0
DA:47,0
DA:50,0
DA:51,0
DA:52,0
LF:12
LH:0
end_of_record
SF:lib\core\utils\universal-widgets\empty-state.dart
DA:9,0
DA:11,0
DA:12,0
DA:14,0
DA:15,0
DA:16,0
DA:17,0
DA:19,0
DA:20,0
DA:21,0
DA:23,0
DA:25,0
DA:28,0
LF:13
LH:0
end_of_record
SF:lib\core\asset-image-path\image-path.dart
DA:6,0
DA:7,0
DA:8,0
DA:9,0
DA:10,0
DA:11,0
DA:14,0
DA:15,0
DA:17,0
DA:18,0
DA:22,0
DA:23,0
DA:24,0
DA:25,0
DA:28,0
DA:31,0
DA:33,0
DA:35,0
DA:37,0
DA:39,0
DA:43,0
DA:44,0
DA:45,0
DA:46,0
DA:47,0
DA:48,0
DA:49,0
DA:50,0
DA:51,0
DA:55,0
DA:57,0
DA:61,0
DA:63,0
DA:66,0
DA:68,0
DA:71,0
DA:72,0
DA:73,0
DA:74,0
DA:75,0
DA:76,0
DA:77,0
DA:78,0
DA:79,0
DA:80,0
DA:81,0
LF:46
LH:0
end_of_record
SF:lib\core\responsive\scale-manager.dart
DA:11,0
DA:12,0
DA:13,0
DA:14,0
DA:17,0
LF:5
LH:0
end_of_record
SF:lib\core\utils\app-text-style-components\app-text-styles.dart
DA:11,0
DA:16,0
DA:22,0
DA:28,0
DA:33,0
DA:38,0
DA:43,0
DA:49,0
DA:54,0
DA:59,0
DA:64,0
DA:69,0
DA:74,0
DA:79,0
DA:84,0
DA:89,0
DA:94,0
DA:99,0
DA:104,0
DA:107,0
DA:112,0
DA:117,0
DA:122,0
DA:127,0
DA:132,0
DA:134,0
DA:136,0
DA:138,0
DA:140,0
DA:142,0
DA:144,0
DA:149,0
DA:151,0
DA:153,0
DA:155,0
DA:157,0
DA:159,0
DA:161,0
DA:163,0
DA:165,0
DA:170,0
DA:175,0
DA:180,0
DA:185,0
DA:190,0
DA:195,0
DA:200,0
DA:206,0
DA:212,0
DA:217,0
DA:222,0
DA:227,0
DA:232,0
DA:237,0
DA:242,0
DA:247,0
DA:252,0
LF:57
LH:0
end_of_record
SF:lib\core\utils\color-pallete.dart
DA:4,0
DA:5,0
DA:6,0
DA:8,0
DA:9,0
DA:10,0
DA:11,0
DA:13,0
DA:14,0
DA:15,0
DA:16,0
DA:18,0
DA:19,0
DA:20,0
DA:22,0
DA:24,0
DA:26,0
DA:28,0
DA:29,0
DA:30,0
DA:32,0
DA:33,0
LF:22
LH:0
end_of_record
SF:lib\core\activity-management\presentation\widget\plan-container.dart
DA:23,0
DA:31,0
DA:33,0
DA:34,0
DA:35,0
DA:36,0
DA:37,0
DA:39,0
DA:40,0
DA:41,0
DA:42,0
DA:43,0
DA:44,0
DA:45,0
DA:47,0
DA:48,0
DA:49,0
DA:50,0
DA:51,0
DA:52,0
DA:54,0
DA:55,0
DA:57,0
DA:58,0
DA:59,0
DA:60,0
DA:61,0
DA:63,0
DA:65,0
DA:66,0
DA:67,0
DA:69,0
DA:73,0
DA:74,0
DA:75,0
DA:76,0
DA:79,0
DA:80,0
DA:81,0
DA:82,0
DA:83,0
DA:84,0
DA:86,0
DA:89,0
DA:90,0
DA:92,0
DA:93,0
DA:94,0
DA:95,0
DA:96,0
DA:105,0
DA:107,0
DA:108,0
DA:109,0
DA:115,0
DA:116,0
DA:117,0
DA:119,0
DA:122,0
DA:130,0
DA:131,0
DA:133,0
DA:135,0
LF:63
LH:0
end_of_record
SF:lib\core\activity-management\presentation\widget\path-guided-plan.dart
DA:23,0
DA:25,0
DA:26,0
DA:27,0
DA:28,0
DA:29,0
DA:31,0
DA:32,0
DA:33,0
DA:35,0
DA:37,0
DA:38,0
DA:42,0
DA:43,0
DA:44,0
DA:45,0
DA:47,0
DA:48,0
DA:49,0
DA:50,0
DA:52,0
DA:53,0
DA:54,0
DA:55,0
DA:57,0
DA:59,0
DA:60,0
DA:63,0
DA:67,0
DA:68,0
DA:69,0
DA:72,0
DA:73,0
DA:74,0
DA:76,0
DA:78,0
DA:79,0
DA:80,0
DA:87,0
DA:88,0
DA:89,0
DA:91,0
DA:93,0
DA:94,0
DA:95,0
DA:99,0
DA:100,0
DA:112,0
DA:113,0
DA:114,0
DA:115,0
DA:116,0
DA:118,0
DA:119,0
DA:120,0
DA:122,0
DA:123,0
DA:124,0
DA:125,0
LF:59
LH:0
end_of_record
SF:lib\core\activity-management\presentation\widget\path-info-section2.dart
DA:22,0
DA:24,0
DA:25,0
DA:26,0
DA:27,0
DA:28,0
DA:29,0
DA:31,0
DA:32,0
DA:33,0
DA:35,0
DA:36,0
DA:37,0
DA:39,0
DA:42,0
DA:43,0
DA:44,0
DA:45,0
DA:47,0
DA:51,0
DA:52,0
DA:53,0
DA:55,0
DA:56,0
DA:57,0
DA:59,0
DA:61,0
DA:62,0
DA:63,0
DA:64,0
DA:65,0
DA:66,0
DA:67,0
DA:73,0
DA:74,0
DA:75,0
DA:77,0
DA:78,0
DA:80,0
DA:81,0
DA:83,0
DA:85,0
DA:86,0
DA:87,0
DA:88,0
DA:93,0
DA:94,0
DA:95,0
DA:97,0
DA:98,0
DA:100,0
DA:102,0
DA:103,0
DA:104,0
DA:108,0
DA:109,0
DA:110,0
DA:112,0
DA:113,0
DA:115,0
DA:116,0
DA:118,0
DA:119,0
DA:120,0
DA:121,0
DA:122,0
DA:123,0
DA:125,0
DA:126,0
DA:127,0
DA:129,0
DA:130,0
DA:137,0
DA:138,0
DA:140,0
DA:141,0
DA:143,0
DA:144,0
DA:146,0
DA:148,0
DA:149,0
DA:150,0
DA:151,0
DA:152,0
DA:153,0
LF:85
LH:0
end_of_record
SF:lib\core\utils\universal-widgets\empty-space.dart
DA:5,0
DA:7,0
LF:2
LH:0
end_of_record
SF:lib\core\utils\buttons\bottom-right-text-button.dart
DA:18,0
DA:19,0
DA:21,0
DA:22,0
DA:23,0
DA:24,0
DA:25,0
DA:26,0
DA:28,0
DA:29,0
DA:31,0
DA:32,0
DA:34,0
DA:35,0
DA:37,0
DA:38,0
DA:40,0
DA:43,0
DA:44,0
DA:46,0
DA:47,0
DA:49,0
DA:50,0
DA:52,0
DA:53,0
DA:55,0
DA:56,0
DA:58,0
DA:61,0
DA:62,0
DA:64,0
DA:65,0
DA:67,0
DA:68,0
DA:70,0
DA:71,0
DA:73,0
DA:74,0
DA:76,0
DA:85,0
DA:90,0
DA:96,0
DA:98,0
DA:99,0
DA:100,0
DA:101,0
DA:102,0
DA:103,0
DA:104,0
DA:106,0
DA:108,0
DA:109,0
DA:111,0
DA:114,0
DA:116,0
DA:117,0
DA:118,0
DA:119,0
DA:120,0
DA:121,0
DA:123,0
DA:124,0
DA:126,0
DA:127,0
DA:129,0
LF:65
LH:0
end_of_record
SF:lib\core\activity-management\presentation\widget\path-info-section3.dart
DA:30,0
DA:32,0
DA:33,0
DA:34,0
DA:35,0
DA:36,0
DA:38,0
DA:39,0
DA:41,0
DA:42,0
DA:44,0
DA:45,0
DA:46,0
DA:48,0
DA:49,0
DA:50,0
DA:52,0
DA:55,0
DA:56,0
DA:57,0
DA:58,0
DA:60,0
DA:64,0
DA:65,0
DA:66,0
DA:68,0
DA:69,0
DA:70,0
DA:72,0
DA:74,0
DA:75,0
DA:76,0
DA:77,0
DA:78,0
DA:79,0
DA:81,0
DA:82,0
DA:84,0
DA:90,0
DA:91,0
DA:92,0
DA:94,0
DA:95,0
DA:97,0
DA:98,0
DA:100,0
DA:102,0
DA:103,0
DA:104,0
DA:105,0
DA:110,0
DA:111,0
DA:112,0
DA:114,0
DA:115,0
DA:117,0
DA:118,0
DA:120,0
DA:121,0
DA:122,0
DA:123,0
DA:124,0
DA:125,0
DA:126,0
DA:127,0
DA:128,0
DA:129,0
DA:134,0
DA:135,0
DA:136,0
DA:138,0
DA:139,0
DA:141,0
DA:142,0
DA:144,0
DA:146,0
DA:147,0
DA:148,0
DA:149,0
DA:150,0
DA:152,0
DA:153,0
DA:154,0
DA:155,0
DA:159,0
DA:160,0
DA:162,0
DA:163,0
DA:164,0
DA:165,0
DA:168,0
DA:170,0
DA:171,0
DA:174,0
DA:175,0
DA:177,0
DA:178,0
DA:179,0
DA:182,0
DA:192,0
DA:193,0
DA:195,0
DA:196,0
DA:198,0
DA:199,0
DA:201,0
DA:202,0
DA:203,0
DA:204,0
DA:207,0
DA:208,0
DA:210,0
DA:211,0
DA:212,0
DA:214,0
DA:216,0
DA:217,0
DA:219,0
DA:220,0
DA:222,0
DA:228,0
DA:230,0
DA:232,0
DA:233,0
DA:235,0
DA:236,0
DA:237,0
DA:242,0
DA:243,0
DA:245,0
DA:249,0
DA:252,0
DA:253,0
DA:258,0
DA:259,0
DA:261,0
DA:263,0
DA:264,0
DA:265,0
DA:266,0
DA:267,0
DA:277,0
DA:278,0
DA:279,0
DA:280,0
DA:281,0
DA:282,0
DA:283,0
DA:284,0
DA:285,0
DA:286,0
DA:288,0
DA:289,0
DA:291,0
DA:304,0
DA:311,0
DA:319,0
DA:321,0
DA:322,0
DA:323,0
DA:324,0
DA:326,0
DA:327,0
DA:329,0
DA:330,0
DA:332,0
DA:333,0
DA:334,0
DA:335,0
DA:336,0
DA:337,0
DA:338,0
DA:339,0
DA:340,0
DA:341,0
DA:343,0
DA:344,0
DA:345,0
DA:347,0
DA:354,0
DA:355,0
LF:181
LH:0
end_of_record
SF:lib\core\voicenotes\presentation\widgets\voice-note-note-player-ui-fragment.dart
DA:15,0
DA:17,0
DA:19,0
DA:20,0
DA:23,0
DA:24,0
DA:26,0
DA:27,0
DA:28,0
DA:29,0
DA:30,0
DA:31,0
DA:32,0
DA:33,0
DA:35,0
DA:36,0
DA:38,0
DA:43,0
DA:44,0
DA:46,0
DA:48,0
DA:49,0
DA:50,0
DA:51,0
DA:52,0
DA:53,0
DA:55,0
DA:56,0
DA:61,0
DA:62,0
DA:63,0
DA:64,0
DA:65,0
DA:66,0
DA:72,0
DA:73,0
DA:75,0
DA:77,0
DA:78,0
DA:79,0
DA:88,0
DA:90,0
DA:94,0
DA:95,0
DA:96,0
DA:97,0
DA:98,0
DA:99,0
DA:101,0
DA:102,0
DA:103,0
DA:104,0
LF:52
LH:0
end_of_record
SF:lib\core\voicenotes\presentation\widgets\voice-note-recorder-ui-fragment.dart
DA:11,0
DA:13,0
DA:17,0
DA:19,0
DA:20,0
DA:21,0
DA:23,0
DA:31,0
DA:32,0
DA:33,0
DA:35,0
DA:36,0
DA:37,0
DA:38,0
DA:39,0
DA:41,0
DA:42,0
DA:43,0
DA:44,0
DA:45,0
DA:47,0
DA:50,0
DA:51,0
DA:53,0
DA:55,0
DA:56,0
DA:58,0
DA:59,0
DA:60,0
DA:61,0
DA:62,0
DA:63,0
DA:73,0
DA:74,0
DA:75,0
DA:76,0
DA:77,0
DA:79,0
DA:81,0
DA:84,0
DA:89,0
DA:90,0
DA:92,0
DA:94,0
DA:95,0
DA:96,0
DA:98,0
DA:99,0
DA:101,0
DA:102,0
DA:104,0
DA:105,0
DA:106,0
DA:107,0
DA:110,0
DA:112,0
LF:56
LH:0
end_of_record
SF:lib\core\voicenotes\presentation\widgets\voice-note-ui-fragment.dart
DA:9,0
DA:11,0
DA:15,0
DA:17,0
DA:18,0
DA:19,0
DA:20,0
DA:22,0
LF:8
LH:0
end_of_record
SF:lib\core\responsive\responsive-builder.dart
DA:12,0
DA:17,0
DA:18,0
DA:20,0
DA:21,0
DA:22,0
DA:23,0
DA:24,0
DA:25,0
DA:28,0
LF:10
LH:0
end_of_record
SF:lib\core\utils\buttons\bottom-middle-button.dart
DA:15,0
DA:16,0
DA:18,0
DA:19,0
DA:20,0
DA:21,0
DA:22,0
DA:24,0
DA:25,0
DA:27,0
DA:28,0
DA:29,0
DA:30,0
DA:32,0
DA:33,0
DA:34,0
DA:36,0
DA:39,0
DA:41,0
DA:42,0
DA:43,0
DA:44,0
LF:22
LH:0
end_of_record
SF:lib\core\utils\buttons\mic_button.dart
DA:16,200
DA:17,0
DA:19,0
DA:20,0
DA:21,0
DA:22,0
DA:23,0
DA:24,0
DA:26,0
DA:28,0
DA:30,0
DA:32,0
DA:33,0
DA:35,0
DA:36,0
DA:37,0
LF:16
LH:1
end_of_record
SF:lib\core\activity-management\presentation\widget\path-play-section1.dart
DA:24,0
DA:25,0
DA:38,0
DA:40,0
DA:41,0
DA:42,0
DA:43,0
DA:44,0
DA:45,0
DA:46,0
DA:50,0
DA:54,0
DA:56,0
DA:57,0
DA:58,0
DA:59,0
DA:60,0
DA:61,0
DA:63,0
DA:64,0
DA:65,0
DA:67,0
DA:68,0
DA:69,0
DA:71,0
DA:75,0
DA:76,0
DA:77,0
DA:78,0
DA:80,0
DA:81,0
DA:83,0
DA:84,0
DA:86,0
DA:88,0
DA:89,0
DA:90,0
DA:92,0
DA:95,0
DA:96,0
DA:98,0
DA:100,0
DA:102,0
DA:105,0
DA:106,0
DA:108,0
DA:110,0
DA:111,0
DA:112,0
DA:113,0
DA:114,0
DA:116,0
DA:118,0
DA:119,0
DA:120,0
DA:121,0
DA:126,0
DA:127,0
DA:128,0
DA:129,0
DA:130,0
DA:131,0
DA:132,0
DA:137,0
DA:138,0
DA:139,0
DA:140,0
DA:142,0
DA:143,0
DA:145,0
DA:147,0
DA:148,0
DA:149,0
DA:154,0
DA:155,0
DA:157,0
DA:159,0
DA:160,0
DA:162,0
DA:163,0
DA:164,0
DA:165,0
DA:166,0
DA:168,0
DA:169,0
DA:175,0
DA:176,0
DA:178,0
DA:180,0
DA:181,0
DA:182,0
DA:185,0
DA:186,0
DA:187,0
DA:188,0
DA:189,0
DA:190,0
DA:191,0
DA:192,0
DA:193,0
DA:194,0
DA:196,0
DA:197,0
DA:198,0
DA:205,0
DA:207,0
DA:209,0
DA:210,0
DA:212,0
LF:109
LH:0
end_of_record
SF:lib\features\rapport-building\Presentation\controllers\rapport-building-controller.dart.dart
DA:66,0
DA:78,0
DA:79,0
DA:80,0
DA:81,0
DA:82,0
DA:83,0
DA:92,0
DA:93,0
DA:94,0
DA:95,0
DA:97,0
DA:98,0
DA:99,0
DA:102,0
DA:103,0
DA:104,0
DA:105,0
DA:107,0
DA:108,0
DA:109,0
DA:110,0
DA:117,0
DA:118,0
DA:119,0
DA:120,0
DA:121,0
DA:123,0
DA:124,0
DA:154,0
DA:155,0
DA:156,0
DA:157,0
DA:158,0
DA:159,0
DA:162,0
DA:163,0
DA:164,0
DA:165,0
DA:167,0
DA:170,0
DA:171,0
DA:173,0
DA:177,0
DA:178,0
DA:180,0
DA:181,0
DA:182,0
DA:190,0
DA:192,0
DA:193,0
DA:194,0
DA:195,0
DA:197,0
DA:198,0
DA:199,0
DA:201,0
DA:213,0
DA:214,0
DA:216,0
DA:217,0
DA:218,0
DA:219,0
DA:223,0
DA:224,0
DA:225,0
DA:226,0
DA:228,0
DA:229,0
DA:230,0
DA:235,0
DA:236,0
DA:237,0
DA:238,0
DA:239,0
DA:242,0
DA:243,0
DA:247,0
DA:248,0
DA:249,0
DA:250,0
DA:252,0
DA:253,0
DA:254,0
DA:259,0
DA:264,0
DA:265,0
DA:266,0
DA:267,0
DA:268,0
DA:269,0
DA:270,0
DA:271,0
DA:275,0
DA:276,0
DA:277,0
DA:278,0
DA:280,0
DA:281,0
DA:319,0
DA:320,0
DA:321,0
DA:322,0
DA:327,0
DA:328,0
DA:332,0
DA:333,0
DA:338,0
DA:339,0
DA:342,0
DA:343,0
DA:347,0
DA:348,0
DA:349,0
DA:350,0
DA:351,0
DA:352,0
DA:353,0
DA:357,0
DA:358,0
DA:360,0
DA:361,0
DA:363,0
DA:364,0
DA:370,0
DA:371,0
DA:372,0
DA:373,0
DA:377,0
DA:378,0
DA:382,0
DA:383,0
DA:384,0
DA:388,0
DA:389,0
DA:395,0
DA:396,0
DA:398,0
DA:399,0
DA:400,0
DA:405,0
DA:406,0
DA:409,0
DA:411,0
DA:412,0
LF:145
LH:0
end_of_record
SF:lib\features\rapport-building\Presentation\widgets\emotion_selector.dart
DA:8,0
DA:14,0
DA:15,0
DA:16,0
DA:17,0
DA:19,0
DA:21,0
DA:23,0
DA:24,0
DA:26,0
DA:27,0
DA:29,0
DA:30,0
DA:31,0
DA:32,0
LF:15
LH:0
end_of_record
SF:lib\core\activity-management\presentation\widget\path-play-section2.dart
DA:20,0
DA:22,0
DA:23,0
DA:25,0
DA:27,0
DA:28,0
DA:29,0
DA:30,0
DA:31,0
DA:32,0
DA:33,0
DA:34,0
DA:35,0
DA:36,0
DA:39,0
DA:40,0
DA:41,0
DA:43,0
DA:47,0
DA:48,0
DA:49,0
DA:50,0
DA:51,0
DA:52,0
DA:53,0
DA:55,0
DA:58,0
DA:60,0
DA:63,0
DA:64,0
DA:66,0
DA:67,0
DA:68,0
DA:69,0
DA:72,0
DA:73,0
DA:74,0
DA:75,0
DA:77,0
DA:78,0
DA:81,0
DA:82,0
DA:83,0
DA:84,0
DA:85,0
DA:86,0
DA:87,0
DA:88,0
DA:92,0
DA:93,0
DA:94,0
DA:95,0
DA:96,0
DA:97,0
DA:98,0
DA:99,0
LF:56
LH:0
end_of_record
SF:lib\features\what-path-to-choose\presentation\controller\choose-path-controller.dart
DA:27,0
DA:41,0
DA:42,0
DA:43,0
DA:44,0
DA:45,0
DA:47,0
DA:48,0
DA:49,0
DA:54,0
DA:55,0
DA:56,0
DA:57,0
DA:58,0
DA:61,0
DA:62,0
DA:63,0
DA:64,0
DA:66,0
DA:67,0
DA:71,0
DA:72,0
DA:73,0
DA:74,0
DA:87,0
DA:88,0
DA:91,0
DA:92,0
DA:96,0
DA:97,0
DA:98,0
DA:101,0
DA:102,0
DA:105,0
DA:106,0
DA:107,0
DA:108,0
DA:112,0
DA:113,0
DA:114,0
LF:40
LH:0
end_of_record
SF:lib\core\activity-management\presentation\widget\path-self-driven-plan-inside.dart
DA:24,0
DA:26,0
DA:27,0
DA:28,0
DA:29,0
DA:31,0
DA:32,0
DA:33,0
DA:34,0
DA:36,0
DA:37,0
DA:38,0
DA:40,0
DA:44,0
DA:45,0
DA:46,0
DA:47,0
DA:49,0
DA:50,0
DA:51,0
DA:52,0
DA:53,0
DA:54,0
DA:55,0
DA:56,0
DA:60,0
DA:61,0
DA:62,0
DA:63,0
DA:64,0
DA:65,0
DA:66,0
DA:70,0
DA:71,0
DA:72,0
DA:73,0
DA:74,0
DA:76,0
DA:78,0
DA:85,0
DA:86,0
DA:87,0
DA:88,0
DA:89,0
DA:90,0
DA:91,0
DA:92,0
DA:93,0
DA:94,0
DA:95,0
DA:96,0
DA:97,0
DA:99,0
DA:100,0
DA:105,0
DA:106,0
DA:107,0
DA:110,0
DA:111,0
DA:114,0
DA:115,0
LF:61
LH:0
end_of_record
SF:lib\core\activity-management\presentation\widget\path-self-driven-plan.dart
DA:22,0
DA:24,0
DA:25,0
DA:26,0
DA:27,0
DA:28,0
DA:30,0
DA:31,0
DA:32,0
DA:33,0
DA:35,0
DA:36,0
DA:37,0
DA:39,0
DA:42,0
DA:43,0
DA:44,0
DA:45,0
DA:47,0
DA:51,0
DA:52,0
DA:53,0
DA:54,0
DA:56,0
DA:57,0
DA:58,0
DA:59,0
DA:60,0
DA:61,0
DA:62,0
DA:66,0
DA:67,0
DA:68,0
DA:69,0
DA:70,0
DA:71,0
DA:75,0
DA:76,0
DA:77,0
DA:78,0
DA:79,0
DA:81,0
DA:82,0
DA:83,0
DA:90,0
DA:91,0
DA:92,0
DA:93,0
DA:96,0
DA:100,0
DA:101,0
DA:103,0
DA:104,0
DA:105,0
DA:107,0
DA:109,0
DA:111,0
DA:112,0
DA:113,0
DA:114,0
DA:119,0
DA:120,0
DA:121,0
DA:125,0
LF:64
LH:0
end_of_record
SF:lib\core\activity-management\presentation\widget\self-path-info-section1.dart
DA:25,0
DA:27,0
DA:29,0
DA:30,0
DA:31,0
DA:35,0
DA:36,0
DA:37,0
DA:42,0
DA:43,0
DA:45,0
DA:48,0
DA:60,0
DA:62,0
DA:63,0
DA:64,0
DA:65,0
DA:66,0
DA:67,0
DA:68,0
DA:69,0
DA:71,0
DA:72,0
DA:73,0
DA:75,0
DA:77,0
DA:78,0
DA:81,0
DA:82,0
DA:83,0
DA:84,0
DA:86,0
DA:90,0
DA:91,0
DA:92,0
DA:94,0
DA:95,0
DA:96,0
DA:98,0
DA:100,0
DA:102,0
DA:104,0
DA:105,0
DA:106,0
DA:107,0
DA:108,0
DA:110,0
DA:111,0
DA:113,0
DA:119,0
DA:120,0
DA:122,0
DA:124,0
DA:125,0
DA:126,0
DA:128,0
DA:130,0
DA:131,0
DA:132,0
DA:133,0
DA:135,0
DA:136,0
DA:137,0
DA:138,0
DA:139,0
DA:143,0
DA:144,0
DA:145,0
DA:146,0
DA:147,0
DA:148,0
DA:152,0
DA:153,0
DA:154,0
DA:156,0
DA:157,0
DA:159,0
DA:160,0
DA:162,0
DA:164,0
DA:165,0
DA:166,0
DA:167,0
DA:168,0
DA:170,0
DA:171,0
DA:172,0
DA:174,0
DA:175,0
DA:182,0
DA:183,0
DA:184,0
DA:185,0
DA:187,0
DA:188,0
LF:95
LH:0
end_of_record
SF:lib\core\utils\buttons\bottomRightButton.dart
DA:18,0
DA:22,0
DA:24,0
DA:25,0
DA:26,0
DA:27,0
DA:28,0
DA:30,0
DA:31,0
DA:33,0
DA:34,0
DA:35,0
DA:37,0
DA:38,0
DA:40,0
DA:41,0
DA:43,0
DA:44,0
DA:46,0
DA:47,0
DA:48,0
DA:49,0
DA:50,0
DA:52,0
DA:54,0
DA:55,0
DA:57,0
DA:60,0
DA:62,0
DA:64,0
DA:65,0
DA:66,0
DA:68,0
LF:33
LH:0
end_of_record
SF:lib\core\analytics\analytics-setup.dart
DA:23,0
DA:25,0
DA:26,0
DA:29,0
DA:34,0
DA:36,0
DA:39,0
DA:44,0
DA:46,0
DA:49,0
LF:10
LH:0
end_of_record
SF:lib\core\secrets.dart
DA:13,0
LF:1
LH:0
end_of_record
SF:lib\core\app-page-status\data\repository\app-page-status-repository-impl.dart
DA:17,1
DA:21,1
DA:25,3
DA:28,1
DA:29,0
LF:5
LH:4
end_of_record
SF:lib\core\app-page-status\data\sources\app-page-status-local-data-source.dart
DA:12,100
DA:29,1
DA:33,1
DA:35,1
DA:36,1
DA:37,1
DA:38,1
DA:39,1
DA:40,0
DA:41,1
DA:42,1
DA:43,1
DA:44,1
DA:45,1
DA:51,0
DA:52,0
LF:16
LH:13
end_of_record
SF:lib\features\hub\data\models\hub-status-model.dart
DA:16,4
DA:23,1
DA:32,0
DA:33,0
DA:34,0
DA:35,0
DA:37,0
DA:41,0
DA:42,0
DA:44,0
DA:45,0
DA:50,0
DA:52,0
DA:53,0
DA:54,0
DA:55,0
DA:57,0
DA:58,0
DA:60,0
DA:61,0
DA:64,0
DA:65,0
DA:69,1
DA:70,1
DA:72,1
DA:74,1
DA:76,1
DA:78,2
LF:28
LH:8
end_of_record
SF:lib\core\extensions\to-app-route.dart
DA:4,2
LF:1
LH:1
end_of_record
SF:lib\core\app-page-status\domain\usecases\get-last-abandoned-page.dart
DA:14,1
DA:16,1
DA:18,2
DA:19,1
DA:27,1
DA:28,0
DA:29,0
LF:7
LH:5
end_of_record
SF:lib\core\asset-image-path\asset-path-maker.dart
DA:4,0
LF:1
LH:0
end_of_record
SF:lib\core\auth\domain\entities\oauth-data.dart
DA:9,2
DA:15,0
DA:16,0
DA:18,0
LF:4
LH:1
end_of_record
SF:lib\core\auth\domain\entities\user-data.dart
DA:21,1
DA:39,0
DA:41,0
DA:42,0
DA:43,0
DA:44,0
DA:45,0
DA:46,0
DA:47,0
DA:48,0
DA:49,0
DA:50,0
DA:51,0
DA:52,0
DA:53,0
DA:54,0
DA:55,0
DA:56,0
LF:18
LH:1
end_of_record
SF:lib\core\auth\domain\usecases\check-if-already-logged-in.dart
DA:11,1
DA:15,1
DA:16,2
LF:3
LH:3
end_of_record
SF:lib\core\auth\domain\usecases\oauth-login.dart
DA:12,1
DA:16,1
DA:17,2
LF:3
LH:3
end_of_record
SF:lib\core\auth\domain\usecases\oauth-signup.dart
DA:11,0
DA:13,0
DA:14,0
LF:3
LH:0
end_of_record
SF:lib\core\auth\domain\usecases\request-logout.dart
DA:10,1
DA:14,1
DA:15,2
LF:3
LH:3
end_of_record
SF:lib\core\auth\domain\usecases\request-new-token.dart
DA:12,1
DA:16,1
DA:17,2
LF:3
LH:3
end_of_record
SF:lib\core\auth\presentation\controller\auth-controller.dart
DA:26,0
DA:37,0
DA:38,0
DA:39,0
DA:40,0
DA:41,0
DA:42,0
DA:43,0
DA:45,0
DA:46,0
DA:47,0
DA:48,0
DA:49,0
DA:58,0
DA:59,0
DA:60,0
DA:61,0
DA:62,0
DA:63,0
DA:65,0
DA:66,0
DA:67,0
DA:69,0
DA:72,0
DA:73,0
DA:75,0
DA:81,0
DA:82,0
DA:83,0
DA:85,0
DA:86,0
DA:87,0
DA:88,0
DA:89,0
DA:91,0
DA:101,0
DA:102,0
DA:105,0
DA:109,0
DA:114,0
DA:115,0
DA:120,0
DA:125,0
DA:126,0
DA:127,0
LF:45
LH:0
end_of_record
SF:lib\core\cache-manager\domain\usecases\retrieve-user-onboarding-status.dart
DA:15,1
DA:19,1
DA:20,2
LF:3
LH:3
end_of_record
SF:lib\features\root\presentation\controller\root-controller.dart
DA:38,0
DA:56,0
DA:57,0
DA:58,0
DA:60,0
DA:61,0
DA:62,0
DA:64,0
DA:65,0
DA:66,0
DA:67,0
DA:71,0
DA:77,0
DA:80,0
DA:86,0
DA:87,0
DA:88,0
DA:89,0
DA:90,0
DA:95,0
DA:96,0
DA:97,0
DA:99,0
DA:100,0
DA:101,0
DA:103,0
DA:104,0
DA:105,0
DA:107,0
DA:131,0
DA:132,0
DA:133,0
DA:137,0
DA:138,0
DA:139,0
DA:141,0
DA:142,0
DA:147,0
DA:150,0
DA:152,0
DA:153,0
DA:155,0
DA:158,0
DA:161,0
DA:163,0
DA:169,0
DA:170,0
DA:171,0
DA:173,0
DA:174,0
DA:175,0
DA:177,0
DA:178,0
DA:183,0
DA:184,0
DA:185,0
DA:187,0
DA:188,0
DA:189,0
DA:191,0
DA:192,0
DA:197,0
DA:198,0
DA:199,0
DA:201,0
DA:202,0
DA:203,0
DA:205,0
DA:206,0
DA:211,0
DA:212,0
DA:213,0
DA:214,0
DA:216,0
DA:217,0
DA:218,0
DA:220,0
DA:224,0
DA:227,0
DA:229,0
DA:232,0
DA:234,0
DA:237,0
DA:239,0
DA:247,0
DA:248,0
DA:249,0
DA:250,0
DA:251,0
DA:255,0
DA:256,0
DA:257,0
DA:258,0
DA:261,0
DA:262,0
DA:263,0
DA:266,0
DA:267,0
DA:268,0
DA:277,0
DA:278,0
DA:279,0
DA:280,0
DA:281,0
DA:282,0
DA:283,0
DA:284,0
DA:288,0
DA:289,0
DA:290,0
LF:110
LH:0
end_of_record
SF:lib\core\utils\snackbars\snackbars.dart
DA:12,0
DA:18,0
DA:19,0
DA:20,0
DA:24,0
DA:28,0
DA:34,0
DA:40,0
DA:44,0
DA:46,0
DA:48,0
DA:49,0
DA:50,0
DA:52,0
DA:53,0
DA:58,0
DA:59,0
DA:61,0
LF:18
LH:0
end_of_record
SF:lib\core\auth\presentation\screens\auth-screen-test.dart
DA:14,0
DA:15,0
DA:25,0
DA:27,0
DA:29,0
DA:31,0
DA:32,0
DA:35,0
DA:36,0
DA:38,0
DA:40,0
DA:44,0
DA:45,0
DA:46,0
DA:47,0
DA:48,0
DA:49,0
DA:51,0
DA:69,0
DA:71,0
DA:73,0
DA:75,0
DA:76,0
DA:77,0
DA:78,0
DA:80,0
DA:82,0
DA:93,0
DA:94,0
DA:108,0
DA:110,0
DA:111,0
DA:114,0
DA:115,0
DA:117,0
DA:118,0
DA:119,0
DA:122,0
DA:123,0
DA:127,0
DA:130,0
DA:137,0
DA:141,0
DA:142,0
DA:144,0
DA:146,0
DA:147,0
DA:154,0
DA:155,0
DA:157,0
DA:158,0
DA:161,0
DA:166,0
DA:167,0
DA:170,0
DA:181,0
DA:185,0
DA:186,0
DA:189,0
DA:190,0
DA:193,0
DA:194,0
DA:197,0
LF:63
LH:0
end_of_record
SF:lib\core\cache-manager\domain\entities\cache-acitivty.dart
DA:12,0
DA:19,0
DA:20,0
LF:3
LH:0
end_of_record
SF:lib\core\cache-manager\data\models\cached-mood-model.dart
DA:6,2
DA:11,0
DA:18,0
DA:19,0
DA:20,0
DA:21,0
DA:22,0
DA:28,0
DA:29,0
DA:30,0
DA:31,0
DA:32,0
LF:12
LH:1
end_of_record
SF:lib\core\cache-manager\domain\entities\cached-mood.dart
DA:16,1
DA:22,0
DA:23,0
LF:3
LH:1
end_of_record
SF:lib\core\cache-manager\data\models\common-input-feedback-model.dart
DA:8,0
DA:14,0
DA:22,0
DA:23,0
DA:24,0
DA:25,0
DA:26,0
DA:27,0
DA:28,0
DA:32,0
DA:33,0
DA:34,0
DA:35,0
DA:36,0
DA:37,0
DA:38,0
LF:16
LH:0
end_of_record
SF:lib\core\cache-manager\domain\entities\common-input-feedback.dart
DA:14,0
DA:21,0
DA:23,0
DA:24,0
DA:25,0
DA:26,0
DA:27,0
DA:28,0
LF:8
LH:0
end_of_record
SF:lib\core\cache-manager\data\repositories\cache-clearing-service-impl.dart
DA:11,0
DA:13,0
DA:15,0
DA:17,0
DA:18,0
LF:5
LH:0
end_of_record
SF:lib\core\cache-manager\data\services\cache-clearing-local-service.dart
DA:18,0
DA:23,0
DA:26,0
DA:29,0
DA:32,0
DA:35,0
DA:39,0
DA:40,0
LF:8
LH:0
end_of_record
SF:lib\core\cache-manager\data\repositories\log-last-opened-app-service.dart
DA:13,0
DA:18,0
DA:19,0
DA:20,0
DA:25,0
DA:26,0
DA:27,0
LF:7
LH:0
end_of_record
SF:lib\core\cache-manager\data\services\app-last-opened-log-service.dart
DA:17,0
DA:21,0
DA:23,0
DA:25,0
DA:29,0
DA:30,0
DA:35,0
DA:37,0
DA:40,0
DA:44,0
DA:45,0
LF:11
LH:0
end_of_record
SF:lib\core\cache-manager\data\repositories\mood-cache-service-impl.dart
DA:15,0
DA:20,0
DA:23,0
DA:24,0
DA:31,0
DA:32,0
DA:33,0
LF:7
LH:0
end_of_record
SF:lib\core\cache-manager\data\services\mood-cache-local-service.dart
DA:21,0
DA:25,0
DA:29,0
DA:31,0
DA:32,0
DA:37,0
DA:38,0
DA:40,0
DA:45,0
DA:48,0
DA:49,0
DA:50,0
DA:53,0
DA:54,0
DA:56,0
LF:15
LH:0
end_of_record
SF:lib\core\cache-manager\data\repositories\save-feedback-service-impl.dart
DA:17,0
DA:23,0
DA:31,0
DA:32,0
LF:4
LH:0
end_of_record
SF:lib\core\cache-manager\data\services\save-feedback-local-service.dart
DA:30,0
DA:32,0
DA:41,0
DA:42,0
DA:48,0
DA:50,0
DA:51,0
DA:54,0
LF:8
LH:0
end_of_record
SF:lib\core\persistence-consts.dart
DA:3,0
LF:1
LH:0
end_of_record
SF:lib\core\cache-manager\domain\usecases\cache-mood.dart
DA:14,1
DA:18,1
DA:19,2
DA:20,1
DA:27,1
DA:31,0
DA:32,0
LF:7
LH:5
end_of_record
SF:lib\core\cache-manager\domain\usecases\check-if-first-time-user.dart
DA:10,1
DA:14,1
DA:15,2
LF:3
LH:3
end_of_record
SF:lib\core\cache-manager\domain\usecases\clear-dirty-cache-on-first-run.dart
DA:10,0
DA:12,0
DA:13,0
LF:3
LH:0
end_of_record
SF:lib\core\cache-manager\domain\usecases\get-cached-mood.dart
DA:11,1
DA:15,1
DA:16,2
LF:3
LH:3
end_of_record
SF:lib\core\cache-manager\domain\usecases\log-app-start-time.dart
DA:10,1
DA:14,1
DA:15,2
LF:3
LH:3
end_of_record
SF:lib\core\cache-manager\domain\usecases\retireve-last-logged-app-init.dart
DA:10,1
DA:14,1
DA:15,2
LF:3
LH:3
end_of_record
SF:lib\core\cache-manager\domain\usecases\retireve-most-recent-activity.dart
DA:17,1
DA:21,1
DA:22,2
LF:3
LH:3
end_of_record
SF:lib\core\cache-manager\domain\usecases\save-is-first-time-onboarding-status.dart
DA:13,1
DA:17,1
DA:19,2
DA:20,1
DA:28,101
DA:31,0
DA:33,0
DA:35,0
LF:8
LH:5
end_of_record
SF:lib\core\cache-manager\domain\usecases\save-user-onboarding-status.dart
DA:17,1
DA:21,1
DA:23,2
DA:24,1
DA:31,1
DA:34,0
DA:35,0
DA:36,0
LF:8
LH:5
end_of_record
SF:lib\core\duration-tracker\data\models\app-duration-model.dart
DA:5,1
DA:8,1
DA:13,0
DA:14,0
DA:15,0
DA:16,0
DA:20,0
DA:21,0
DA:22,0
DA:23,0
DA:27,0
DA:31,0
DA:32,0
DA:33,0
LF:14
LH:2
end_of_record
SF:lib\core\duration-tracker\domain\entities\app-duration.dart
DA:7,2
DA:11,0
DA:12,0
LF:3
LH:1
end_of_record
SF:lib\core\duration-tracker\data\repositories\app-duration-repository-impl.dart
DA:13,1
DA:17,1
DA:19,3
DA:20,1
DA:21,0
DA:22,0
DA:27,0
DA:32,0
DA:36,0
DA:37,0
DA:38,0
LF:11
LH:4
end_of_record
SF:lib\core\duration-tracker\data\sources\app-duration-local-data-source.dart
DA:23,0
DA:27,0
DA:29,0
DA:32,0
DA:33,0
DA:36,0
DA:37,0
DA:42,0
DA:48,0
DA:50,0
DA:51,0
DA:52,0
DA:54,0
DA:58,0
DA:62,0
DA:65,0
DA:66,0
DA:67,0
DA:69,0
DA:72,0
DA:73,0
DA:75,0
DA:77,0
DA:78,0
DA:79,0
DA:81,0
DA:84,0
DA:89,0
DA:94,0
DA:95,0
LF:30
LH:0
end_of_record
SF:lib\core\utils\helper_functions\generate-date-from-datetime.dart
DA:1,0
DA:2,0
LF:2
LH:0
end_of_record
SF:lib\core\duration-tracker\domain\usecases\get-last-login.dart
DA:11,1
DA:15,1
DA:16,2
LF:3
LH:3
end_of_record
SF:lib\core\duration-tracker\domain\usecases\update-user-duration-on-app.dart
DA:14,0
DA:18,0
DA:20,0
DA:21,0
DA:22,0
DA:30,0
DA:35,0
DA:36,0
DA:38,0
LF:9
LH:0
end_of_record
SF:lib\core\extensions\url-maker.dart
DA:5,30
LF:1
LH:1
end_of_record
SF:lib\core\file-manager\file-manager.dart
DA:16,100
DA:31,0
DA:35,0
DA:38,0
DA:39,0
DA:42,0
DA:43,0
DA:44,0
DA:45,0
DA:49,0
DA:50,0
DA:51,0
DA:56,0
DA:59,0
DA:63,0
DA:66,0
DA:70,0
DA:72,0
DA:75,0
DA:76,0
DA:79,0
DA:80,0
LF:22
LH:1
end_of_record
SF:lib\core\permission-manager\permission-manager.dart
DA:15,0
DA:16,0
DA:19,0
DA:20,0
LF:4
LH:0
end_of_record
SF:lib\core\platform\device-id.dart
DA:10,0
DA:11,0
DA:13,0
DA:15,0
LF:4
LH:0
end_of_record
SF:lib\features\profile-screen\presentation\screen\profile-screen.dart
DA:29,0
DA:31,0
DA:32,0
DA:33,0
DA:34,0
DA:36,0
DA:37,0
DA:38,0
DA:40,0
DA:41,0
DA:42,0
DA:44,0
DA:47,0
DA:48,0
DA:49,0
DA:52,0
DA:53,0
DA:54,0
DA:56,0
DA:60,0
DA:61,0
DA:65,0
DA:67,0
DA:68,0
LF:24
LH:0
end_of_record
SF:lib\features\focus\presentation\screen\focus-screen.dart
DA:22,0
DA:24,0
DA:25,0
DA:26,0
DA:27,0
DA:28,0
DA:29,0
DA:31,0
DA:32,0
DA:33,0
DA:35,0
DA:36,0
DA:38,0
DA:40,0
DA:41,0
DA:42,0
DA:44,0
DA:46,0
DA:47,0
DA:48,0
DA:49,0
DA:54,0
DA:55,0
DA:56,0
DA:57,0
DA:59,0
DA:61,0
DA:62,0
DA:63,0
DA:69,0
DA:70,0
DA:71,0
DA:76,0
DA:77,0
DA:80,0
DA:81,0
DA:83,0
DA:84,0
DA:85,0
DA:86,0
DA:87,0
DA:88,0
DA:91,0
DA:93,0
DA:98,0
DA:99,0
DA:100,0
DA:102,0
DA:103,0
DA:104,0
DA:106,0
DA:108,0
DA:109,0
DA:110,0
DA:111,0
DA:118,0
DA:119,0
DA:122,0
DA:123,0
DA:125,0
DA:126,0
DA:127,0
DA:129,0
DA:131,0
DA:148,0
DA:155,0
DA:163,0
DA:166,0
DA:167,0
DA:169,0
DA:171,0
DA:172,0
DA:173,0
DA:174,0
DA:175,0
DA:177,0
DA:179,0
DA:181,0
DA:182,0
DA:183,0
DA:185,0
DA:186,0
DA:187,0
DA:188,0
DA:189,0
DA:191,0
DA:195,0
DA:196,0
DA:198,0
DA:200,0
DA:201,0
DA:202,0
DA:205,0
DA:206,0
DA:207,0
DA:209,0
DA:211,0
DA:212,0
DA:213,0
DA:214,0
DA:215,0
DA:216,0
DA:221,0
DA:222,0
DA:224,0
DA:226,0
DA:227,0
DA:228,0
DA:229,0
DA:231,0
DA:232,0
DA:234,0
DA:241,0
DA:243,0
LF:114
LH:0
end_of_record
SF:lib\features\focus\presentation\widgets\issue-detail.dart
DA:24,0
DA:26,0
DA:27,0
DA:28,0
DA:29,0
DA:30,0
DA:31,0
DA:33,0
DA:34,0
DA:35,0
DA:37,0
DA:38,0
DA:40,0
DA:42,0
DA:43,0
DA:51,0
DA:52,0
DA:53,0
DA:54,0
DA:56,0
DA:58,0
DA:59,0
DA:60,0
DA:66,0
DA:67,0
DA:68,0
DA:69,0
DA:71,0
DA:72,0
DA:73,0
DA:74,0
DA:75,0
DA:78,0
DA:81,0
DA:85,0
DA:86,0
DA:87,0
DA:89,0
DA:90,0
DA:91,0
DA:93,0
DA:95,0
DA:96,0
DA:97,0
DA:98,0
DA:99,0
DA:106,0
DA:107,0
DA:110,0
DA:111,0
DA:113,0
DA:114,0
DA:115,0
DA:117,0
DA:135,0
DA:142,0
DA:150,0
DA:152,0
DA:153,0
DA:154,0
DA:155,0
DA:157,0
DA:159,0
DA:161,0
DA:162,0
DA:163,0
DA:165,0
DA:166,0
DA:167,0
DA:168,0
DA:169,0
DA:171,0
DA:175,0
DA:176,0
DA:178,0
DA:180,0
DA:181,0
DA:182,0
DA:184,0
DA:185,0
DA:186,0
DA:188,0
DA:190,0
DA:191,0
DA:192,0
DA:193,0
DA:194,0
DA:195,0
DA:200,0
DA:201,0
DA:203,0
DA:205,0
DA:206,0
DA:207,0
DA:208,0
DA:210,0
DA:211,0
DA:213,0
DA:220,0
DA:222,0
LF:100
LH:0
end_of_record
SF:lib\features\focus\presentation\widgets\selected-issue-details.dart
DA:16,0
DA:18,0
DA:19,0
DA:20,0
DA:21,0
DA:22,0
DA:23,0
DA:24,0
DA:25,0
DA:27,0
DA:29,0
DA:30,0
DA:33,0
DA:35,0
DA:36,0
DA:37,0
DA:38,0
DA:39,0
DA:41,0
DA:42,0
DA:44,0
DA:45,0
DA:46,0
DA:51,0
DA:52,0
DA:53,0
DA:59,0
DA:60,0
DA:62,0
DA:64,0
DA:65,0
DA:66,0
DA:68,0
DA:70,0
DA:71,0
DA:72,0
LF:36
LH:0
end_of_record
SF:lib\features\home-management\presentation\screens\onboarding-incomplete.dart
DA:29,0
DA:30,0
DA:41,0
DA:43,0
DA:44,0
DA:45,0
DA:51,0
DA:53,0
DA:54,0
DA:56,0
DA:57,0
DA:59,0
DA:60,0
DA:61,0
DA:65,0
DA:66,0
DA:68,0
DA:73,0
DA:74,0
DA:76,0
DA:78,0
DA:79,0
DA:81,0
DA:82,0
DA:85,0
DA:87,0
DA:88,0
DA:89,0
DA:90,0
DA:91,0
DA:92,0
DA:97,0
DA:98,0
DA:99,0
DA:100,0
DA:101,0
DA:105,0
DA:106,0
DA:120,0
DA:134,0
DA:149,0
DA:151,0
DA:152,0
DA:153,0
DA:154,0
DA:156,0
DA:157,0
DA:159,0
DA:161,0
DA:162,0
DA:163,0
DA:165,0
DA:166,0
DA:167,0
DA:168,0
DA:169,0
DA:170,0
DA:172,0
DA:173,0
DA:175,0
DA:176,0
DA:178,0
DA:179,0
DA:181,0
DA:182,0
DA:184,0
DA:185,0
DA:186,0
DA:187,0
DA:191,0
DA:192,0
DA:193,0
DA:194,0
DA:196,0
DA:198,0
DA:199,0
DA:201,0
DA:204,0
DA:205,0
DA:206,0
DA:207,0
DA:208,0
DA:209,0
DA:211,0
DA:212,0
DA:213,0
DA:216,0
DA:221,0
DA:222,0
DA:224,0
DA:226,0
DA:227,0
DA:228,0
DA:230,0
DA:231,0
DA:233,0
DA:235,0
DA:236,0
DA:237,0
DA:238,0
DA:240,0
DA:241,0
DA:243,0
DA:244,0
DA:246,0
DA:248,0
DA:249,0
DA:250,0
DA:251,0
DA:253,0
DA:254,0
DA:256,0
DA:258,0
DA:260,0
DA:261,0
DA:263,0
DA:264,0
DA:265,0
DA:266,0
DA:268,0
DA:269,0
DA:271,0
DA:272,0
DA:274,0
DA:276,0
DA:277,0
DA:278,0
DA:282,0
DA:283,0
DA:284,0
DA:286,0
DA:289,0
DA:290,0
DA:291,0
DA:292,0
DA:293,0
DA:294,0
DA:295,0
DA:296,0
DA:297,0
DA:299,0
DA:300,0
DA:302,0
DA:304,0
DA:305,0
DA:307,0
DA:308,0
DA:311,0
DA:313,0
DA:314,0
DA:315,0
DA:316,0
DA:317,0
DA:318,0
DA:319,0
DA:321,0
DA:323,0
DA:326,0
DA:327,0
DA:328,0
DA:329,0
DA:330,0
DA:331,0
DA:332,0
DA:334,0
DA:335,0
DA:336,0
DA:338,0
DA:341,0
DA:342,0
DA:343,0
DA:344,0
DA:346,0
DA:347,0
DA:349,0
DA:351,0
DA:352,0
DA:354,0
DA:355,0
DA:361,0
DA:362,0
DA:363,0
DA:364,0
DA:365,0
DA:366,0
DA:367,0
DA:369,0
DA:370,0
DA:371,0
DA:373,0
DA:378,0
DA:379,0
DA:380,0
DA:381,0
DA:384,0
DA:385,0
DA:386,0
DA:387,0
DA:388,0
DA:400,0
DA:403,0
DA:407,0
DA:409,0
DA:410,0
DA:411,0
DA:412,0
DA:433,0
LF:207
LH:0
end_of_record
SF:lib\features\hub\presentation\screen\hub-screen.dart
DA:22,0
DA:24,0
DA:25,0
DA:26,0
DA:27,0
DA:30,0
DA:31,0
DA:33,0
DA:34,0
DA:36,0
DA:37,0
DA:38,0
DA:40,0
DA:41,0
DA:43,0
DA:45,0
DA:46,0
DA:48,0
DA:49,0
DA:50,0
DA:52,0
DA:55,0
DA:58,0
DA:59,0
DA:60,0
DA:61,0
DA:62,0
DA:63,0
DA:64,0
DA:66,0
DA:68,0
DA:69,0
DA:71,0
DA:73,0
DA:74,0
DA:76,0
DA:79,0
DA:80,0
DA:81,0
DA:82,0
DA:83,0
DA:85,0
DA:86,0
DA:87,0
DA:89,0
DA:90,0
DA:91,0
DA:92,0
DA:95,0
DA:96,0
DA:99,0
DA:100,0
DA:109,0
DA:110,0
DA:112,0
DA:113,0
DA:114,0
DA:116,0
DA:119,0
DA:120,0
DA:121,0
DA:123,0
DA:124,0
DA:128,0
DA:129,0
DA:130,0
DA:133,0
DA:134,0
DA:138,0
DA:139,0
DA:141,0
DA:142,0
DA:143,0
DA:144,0
DA:145,0
DA:146,0
DA:147,0
DA:149,0
DA:152,0
DA:155,0
DA:156,0
DA:158,0
DA:159,0
DA:160,0
DA:162,0
DA:165,0
DA:166,0
DA:167,0
DA:169,0
DA:170,0
DA:172,0
DA:173,0
DA:174,0
DA:175,0
DA:176,0
DA:178,0
DA:179,0
DA:182,0
DA:183,0
DA:185,0
DA:186,0
DA:187,0
DA:189,0
DA:190,0
DA:192,0
DA:193,0
DA:194,0
DA:201,0
DA:202,0
DA:204,0
DA:206,0
DA:207,0
DA:209,0
DA:210,0
DA:212,0
DA:213,0
DA:214,0
DA:216,0
DA:217,0
DA:219,0
DA:221,0
DA:224,0
DA:225,0
DA:227,0
DA:228,0
DA:230,0
DA:231,0
DA:232,0
DA:234,0
DA:236,0
DA:237,0
DA:238,0
DA:239,0
DA:240,0
DA:241,0
DA:243,0
DA:245,0
DA:246,0
DA:248,0
DA:249,0
DA:251,0
DA:259,0
DA:260,0
DA:261,0
DA:262,0
DA:264,0
DA:277,0
DA:282,0
DA:287,0
DA:289,0
DA:290,0
DA:292,0
DA:293,0
DA:295,0
DA:296,0
DA:297,0
DA:298,0
DA:299,0
DA:300,0
DA:307,0
DA:312,0
DA:317,0
DA:319,0
DA:320,0
DA:322,0
DA:323,0
DA:325,0
DA:326,0
DA:327,0
DA:328,0
DA:329,0
DA:330,0
DA:337,0
DA:342,0
DA:347,0
DA:349,0
DA:350,0
DA:352,0
DA:353,0
DA:355,0
DA:356,0
DA:357,0
DA:358,0
DA:359,0
DA:360,0
LF:185
LH:0
end_of_record
SF:lib\features\instant-relief\presentation\screens\instant-recommendations.dart
DA:17,0
DA:21,0
DA:23,0
DA:24,0
DA:25,0
DA:26,0
DA:28,0
DA:29,0
DA:30,0
DA:31,0
DA:33,0
DA:34,0
DA:35,0
DA:37,0
DA:41,0
DA:42,0
DA:43,0
DA:44,0
DA:46,0
DA:47,0
DA:48,0
DA:49,0
DA:50,0
DA:51,0
DA:52,0
DA:53,0
DA:57,0
DA:58,0
DA:59,0
DA:60,0
DA:61,0
DA:62,0
DA:66,0
DA:67,0
DA:68,0
DA:69,0
DA:70,0
DA:72,0
DA:74,0
DA:81,0
DA:82,0
DA:83,0
DA:86,0
DA:87,0
DA:88,0
DA:89,0
DA:90,0
DA:91,0
DA:92,0
DA:93,0
DA:95,0
DA:96,0
DA:97,0
DA:101,0
DA:102,0
DA:104,0
DA:105,0
DA:106,0
DA:107,0
DA:108,0
DA:111,0
DA:112,0
DA:113,0
DA:114,0
DA:115,0
DA:118,0
DA:119,0
DA:126,0
DA:127,0
DA:128,0
DA:129,0
DA:130,0
DA:135,0
DA:136,0
DA:137,0
DA:140,0
DA:141,0
LF:77
LH:0
end_of_record
SF:lib\features\instant-relief\presentation\screens\instant-relief-screen.dart
DA:27,0
DA:29,0
DA:30,0
DA:31,0
DA:34,0
DA:35,0
DA:37,0
DA:38,0
DA:39,0
DA:40,0
DA:42,0
DA:44,0
DA:45,0
DA:49,0
DA:50,0
DA:53,0
DA:54,0
DA:55,0
DA:56,0
DA:57,0
DA:59,0
DA:60,0
DA:62,0
DA:64,0
DA:65,0
DA:66,0
DA:67,0
DA:69,0
DA:71,0
DA:72,0
DA:73,0
DA:75,0
DA:77,0
DA:78,0
DA:80,0
DA:82,0
DA:83,0
DA:85,0
DA:86,0
DA:88,0
DA:89,0
DA:90,0
DA:91,0
DA:97,0
DA:98,0
DA:100,0
DA:102,0
DA:103,0
DA:104,0
DA:106,0
DA:107,0
DA:109,0
DA:112,0
DA:113,0
DA:115,0
DA:116,0
DA:118,0
DA:120,0
DA:121,0
DA:122,0
DA:124,0
DA:126,0
DA:128,0
DA:129,0
DA:134,0
DA:135,0
DA:136,0
DA:138,0
DA:139,0
DA:141,0
DA:142,0
DA:144,0
DA:145,0
DA:147,0
DA:150,0
DA:151,0
DA:157,0
DA:158,0
DA:159,0
DA:160,0
DA:166,0
DA:167,0
DA:168,0
DA:170,0
DA:171,0
DA:173,0
DA:175,0
DA:177,0
DA:178,0
DA:179,0
DA:180,0
DA:182,0
DA:183,0
DA:184,0
DA:185,0
DA:187,0
LF:96
LH:0
end_of_record
SF:lib\features\opening-screen\presentation\screens\opening_screen.dart
DA:23,0
DA:25,0
DA:26,0
DA:30,0
DA:33,0
DA:34,0
DA:35,0
DA:36,0
DA:37,0
DA:38,0
DA:40,0
DA:42,0
DA:43,0
DA:45,0
DA:46,0
DA:47,0
DA:49,0
DA:51,0
DA:52,0
DA:53,0
DA:54,0
DA:56,0
DA:57,0
DA:66,0
DA:68,0
DA:69,0
DA:70,0
DA:72,0
DA:74,0
DA:75,0
DA:77,0
DA:78,0
DA:80,0
DA:82,0
DA:84,0
DA:87,0
LF:36
LH:0
end_of_record
SF:lib\features\questionnaire-track\presentation\screen\questions-track-screen.dart
DA:26,0
DA:28,0
DA:29,0
DA:30,0
DA:31,0
DA:32,0
DA:34,0
DA:35,0
DA:37,0
DA:39,0
DA:40,0
DA:42,0
DA:43,0
DA:44,0
DA:46,0
DA:49,0
DA:52,0
DA:53,0
DA:54,0
DA:55,0
DA:57,0
DA:58,0
DA:60,0
DA:62,0
DA:63,0
DA:64,0
DA:65,0
DA:66,0
DA:69,0
DA:70,0
DA:72,0
DA:74,0
DA:75,0
DA:76,0
DA:77,0
DA:81,0
DA:83,0
DA:85,0
DA:86,0
DA:87,0
DA:88,0
DA:89,0
DA:90,0
DA:91,0
DA:93,0
DA:94,0
DA:97,0
DA:99,0
DA:100,0
DA:102,0
DA:103,0
DA:104,0
DA:105,0
DA:106,0
DA:107,0
DA:108,0
DA:109,0
DA:114,0
DA:115,0
DA:116,0
DA:118,0
DA:119,0
DA:120,0
DA:124,0
DA:128,0
DA:130,0
DA:131,0
DA:132,0
DA:134,0
DA:136,0
DA:138,0
DA:139,0
DA:140,0
DA:141,0
DA:142,0
DA:147,0
DA:149,0
LF:77
LH:0
end_of_record
SF:lib\features\rapport-building\Presentation\screens\Rapport_building.dart
DA:29,0
DA:31,0
DA:32,0
DA:33,0
DA:38,0
DA:42,0
DA:44,0
DA:45,0
DA:46,0
DA:48,0
DA:49,0
DA:50,0
DA:51,0
DA:52,0
DA:53,0
DA:54,0
DA:56,0
DA:57,0
DA:58,0
DA:64,0
DA:65,0
DA:67,0
DA:68,0
DA:70,0
DA:71,0
DA:73,0
DA:78,0
DA:79,0
DA:80,0
DA:81,0
DA:86,0
DA:87,0
DA:89,0
DA:90,0
DA:92,0
DA:93,0
DA:94,0
DA:95,0
DA:97,0
DA:98,0
DA:100,0
DA:101,0
DA:102,0
DA:104,0
DA:105,0
DA:106,0
DA:107,0
DA:108,0
DA:113,0
DA:114,0
DA:115,0
DA:117,0
DA:120,0
DA:121,0
DA:125,0
DA:126,0
DA:127,0
DA:128,0
DA:129,0
DA:130,0
DA:131,0
DA:132,0
DA:134,0
DA:135,0
DA:137,0
DA:139,0
DA:143,0
DA:144,0
DA:146,0
DA:147,0
DA:148,0
DA:149,0
DA:151,0
DA:153,0
DA:154,0
DA:155,0
DA:156,0
DA:157,0
DA:158,0
DA:159,0
DA:160,0
DA:161,0
DA:168,0
DA:169,0
DA:171,0
DA:173,0
DA:174,0
DA:176,0
DA:177,0
DA:179,0
DA:180,0
DA:181,0
DA:182,0
DA:184,0
DA:185,0
DA:186,0
DA:187,0
DA:189,0
DA:190,0
DA:192,0
DA:193,0
DA:195,0
DA:196,0
DA:197,0
DA:199,0
DA:201,0
DA:202,0
DA:203,0
DA:218,100
DA:220,0
DA:222,0
DA:224,0
DA:225,0
DA:226,0
DA:227,0
DA:228,0
DA:229,0
DA:231,0
DA:232,0
DA:234,0
DA:236,0
DA:238,0
DA:239,0
DA:240,0
DA:241,0
DA:242,0
DA:244,0
DA:245,0
DA:247,0
DA:249,0
DA:251,0
DA:252,0
DA:253,0
DA:254,0
DA:255,0
DA:257,0
DA:258,0
DA:260,0
DA:262,0
LF:139
LH:1
end_of_record
SF:lib\features\root\presentation\screen\root-view.dart
DA:9,0
DA:11,0
DA:12,0
DA:13,0
DA:14,0
DA:15,0
DA:16,0
DA:18,0
DA:20,0
DA:21,0
DA:22,0
DA:24,0
LF:12
LH:0
end_of_record
SF:lib\features\sign-up\presentation\screen\sign-up-screen.dart
DA:16,0
DA:18,0
DA:20,0
DA:21,0
DA:22,0
DA:24,0
DA:25,0
DA:26,0
DA:28,0
DA:30,0
DA:31,0
DA:32,0
DA:34,0
DA:35,0
DA:36,0
DA:37,0
DA:39,0
DA:40,0
DA:41,0
DA:42,0
DA:43,0
DA:47,0
DA:48,0
DA:49,0
DA:50,0
DA:51,0
DA:52,0
LF:27
LH:0
end_of_record
SF:lib\features\what-path-to-choose\presentation\screen\choose-path-screen.dart
DA:20,0
DA:22,0
DA:23,0
DA:25,0
DA:28,0
DA:29,0
DA:31,0
DA:32,0
DA:34,0
DA:36,0
DA:37,0
DA:38,0
DA:40,0
DA:42,0
DA:43,0
DA:44,0
DA:45,0
DA:48,0
DA:49,0
DA:56,0
DA:57,0
DA:58,0
DA:59,0
DA:60,0
DA:61,0
DA:62,0
DA:63,0
DA:64,0
DA:65,0
DA:68,0
DA:70,0
DA:71,0
DA:73,0
LF:33
LH:0
end_of_record
SF:lib\features\wheel-of-life-track\presentation\screens\wheel-of-life-screen.dart
DA:24,0
DA:26,0
DA:27,0
DA:28,0
DA:29,0
DA:30,0
DA:31,0
DA:33,0
DA:35,0
DA:36,0
DA:39,0
DA:40,0
DA:42,0
DA:43,0
DA:44,0
DA:46,0
DA:47,0
DA:49,0
DA:51,0
DA:52,0
DA:53,0
DA:55,0
DA:57,0
DA:58,0
DA:59,0
DA:60,0
DA:65,0
DA:66,0
DA:67,0
DA:68,0
DA:70,0
DA:71,0
DA:73,0
DA:75,0
DA:76,0
DA:79,0
DA:80,0
DA:82,0
DA:83,0
DA:84,0
DA:86,0
DA:87,0
DA:89,0
DA:91,0
DA:93,0
DA:94,0
DA:96,0
DA:97,0
DA:100,0
DA:101,0
DA:103,0
DA:106,0
DA:108,0
DA:109,0
DA:110,0
DA:111,0
DA:112,0
DA:113,0
DA:115,0
DA:117,0
DA:119,0
DA:120,0
DA:121,0
DA:122,0
DA:124,0
DA:125,0
DA:130,0
DA:133,0
DA:134,0
LF:69
LH:0
end_of_record
SF:lib\dependency_manager\core_dependency_managers.dart
DA:75,0
DA:77,0
DA:79,0
DA:80,0
DA:81,0
DA:82,0
DA:83,0
DA:84,0
DA:85,0
DA:86,0
DA:87,0
DA:88,0
DA:89,0
DA:90,0
DA:91,0
DA:94,0
DA:95,0
DA:96,0
DA:97,0
DA:101,0
DA:102,0
DA:103,0
DA:106,0
DA:107,0
DA:108,0
DA:111,0
DA:112,0
DA:113,0
DA:116,0
DA:117,0
DA:118,0
DA:121,0
DA:122,0
DA:123,0
DA:126,0
DA:127,0
DA:128,0
DA:131,0
DA:132,0
DA:133,0
DA:136,0
DA:137,0
DA:138,0
DA:141,0
DA:142,0
DA:143,0
DA:146,0
DA:147,0
DA:148,0
DA:151,0
DA:152,0
DA:153,0
DA:156,0
DA:157,0
DA:158,0
DA:161,0
DA:162,0
DA:163,0
DA:166,0
DA:167,0
DA:168,0
DA:171,0
DA:172,0
DA:173,0
DA:176,0
DA:177,0
DA:178,0
DA:181,0
DA:182,0
DA:183,0
DA:186,0
DA:187,0
DA:188,0
DA:191,0
DA:192,0
DA:193,0
DA:198,0
DA:199,0
DA:200,0
DA:201,0
DA:204,0
DA:205,0
DA:206,0
DA:209,0
DA:210,0
DA:211,0
DA:214,0
DA:215,0
DA:216,0
DA:217,0
DA:220,0
DA:221,0
DA:222,0
DA:223,0
DA:226,0
DA:227,0
DA:228,0
DA:231,0
DA:232,0
DA:233,0
DA:234,0
DA:237,0
DA:238,0
DA:239,0
DA:242,0
DA:243,0
DA:244,0
DA:247,0
DA:248,0
DA:249,0
DA:252,0
DA:253,0
DA:254,0
DA:258,0
DA:259,0
DA:260,0
DA:261,0
DA:262,0
DA:265,0
DA:266,0
DA:267,0
DA:268,0
DA:271,0
DA:272,0
DA:273,0
DA:276,0
DA:277,0
DA:278,0
DA:281,0
DA:282,0
DA:283,0
DA:286,0
DA:287,0
DA:288,0
DA:291,0
DA:292,0
DA:293,0
DA:296,0
DA:297,0
DA:298,0
DA:299,0
DA:302,0
DA:303,0
DA:304,0
DA:305,0
DA:308,0
DA:309,0
DA:312,0
DA:313,0
DA:314,0
DA:317,0
DA:318,0
DA:320,0
DA:321,0
DA:322,0
DA:325,0
DA:326,0
DA:328,0
DA:329,0
DA:330,0
DA:333,0
DA:334,0
DA:335,0
DA:338,0
DA:339,0
DA:341,0
DA:342,0
DA:346,0
DA:347,0
DA:349,0
DA:350,0
DA:352,0
DA:355,0
DA:356,0
DA:358,0
DA:359,0
DA:361,0
DA:362,0
LF:178
LH:0
end_of_record
SF:lib\core\success\success-interface.dart
DA:10,218
DA:12,12
DA:13,24
LF:3
LH:3
end_of_record
SF:lib\core\utils\RoundButton.dart
DA:16,0
DA:22,0
DA:23,0
DA:25,0
DA:26,0
DA:27,0
DA:28,0
DA:30,0
DA:31,0
DA:33,0
DA:34,0
DA:36,0
DA:37,0
DA:39,0
DA:40,0
DA:42,0
DA:44,0
DA:45,0
DA:51,0
DA:52,0
DA:53,0
DA:56,0
LF:22
LH:0
end_of_record
SF:lib\core\utils\animations\diagonal-animation-from-bottomright.dart
DA:16,0
DA:18,0
DA:20,0
DA:21,0
DA:22,0
DA:23,0
DA:24,0
DA:26,0
DA:27,0
DA:30,0
DA:31,0
DA:32,0
DA:34,0
DA:35,0
DA:36,0
DA:37,0
DA:41,0
LF:17
LH:0
end_of_record
SF:lib\core\utils\animations\end-with-fade-diagonal animation.dart
DA:16,0
DA:18,0
DA:20,0
DA:21,0
DA:22,0
DA:23,0
DA:24,0
DA:26,0
DA:27,0
DA:30,0
DA:31,0
DA:32,0
DA:34,0
DA:35,0
DA:36,0
DA:38,0
DA:42,0
LF:17
LH:0
end_of_record
SF:lib\core\utils\animations\enter-exit-root-animation.dart
DA:5,0
DA:6,0
DA:7,0
DA:14,0
DA:20,0
DA:21,0
DA:22,0
DA:23,0
DA:26,0
DA:29,0
DA:30,0
DA:33,0
LF:12
LH:0
end_of_record
SF:lib\core\utils\animations\fade-animation-x-axis.dart
DA:12,0
DA:14,0
DA:16,0
DA:17,0
DA:18,0
DA:19,0
DA:20,0
DA:23,0
DA:24,0
DA:25,0
DA:27,0
DA:28,0
DA:29,0
DA:30,0
DA:34,0
LF:15
LH:0
end_of_record
SF:lib\core\utils\animations\fade-animation-y-axis.dart.dart
DA:11,0
DA:13,0
DA:15,0
DA:16,0
DA:17,0
DA:18,0
DA:19,0
DA:22,0
DA:23,0
DA:24,0
DA:26,0
DA:27,0
DA:28,0
DA:29,0
DA:33,0
LF:15
LH:0
end_of_record
SF:lib\core\utils\app-themes\app-custom-widget-themes.dart
DA:9,0
LF:1
LH:0
end_of_record
SF:lib\core\utils\buttons\add-button.dart
DA:15,0
DA:16,0
DA:18,0
DA:19,0
DA:20,0
DA:21,0
DA:22,0
DA:24,0
DA:25,0
DA:27,0
DA:28,0
DA:29,0
DA:30,0
DA:32,0
DA:33,0
DA:34,0
DA:36,0
DA:39,0
DA:41,0
DA:42,0
DA:43,0
DA:44,0
LF:22
LH:0
end_of_record
SF:lib\core\utils\buttons\bottom-left-gradient-button.dart
DA:17,0
DA:20,0
DA:22,0
DA:23,0
DA:30,100
DA:32,0
DA:34,0
DA:36,0
DA:37,0
DA:39,0
DA:40,0
DA:42,0
DA:43,0
DA:44,0
DA:45,0
DA:46,0
DA:47,0
DA:48,0
DA:50,0
DA:53,0
DA:54,0
DA:55,0
DA:58,0
DA:59,0
LF:24
LH:1
end_of_record
SF:lib\core\utils\buttons\inactive-bottom-right-button.dart
DA:17,100
DA:21,0
DA:23,0
DA:24,0
DA:25,0
DA:26,0
DA:27,0
DA:29,0
DA:30,0
DA:32,0
DA:33,0
DA:34,0
DA:36,0
DA:37,0
DA:39,0
DA:40,0
DA:42,0
DA:43,0
DA:45,0
DA:46,0
DA:47,0
DA:48,0
DA:49,0
DA:51,0
DA:53,0
DA:54,0
DA:56,0
DA:59,0
DA:61,0
DA:63,0
DA:64,0
DA:65,0
DA:67,0
LF:33
LH:1
end_of_record
SF:lib\core\utils\buttons\middle-call-us-button.dart
DA:15,0
DA:16,0
DA:18,0
DA:19,0
DA:20,0
DA:21,0
DA:22,0
DA:24,0
DA:25,0
DA:27,0
DA:28,0
DA:29,0
DA:30,0
DA:32,0
DA:33,0
DA:34,0
DA:36,0
DA:39,0
DA:41,0
DA:42,0
DA:43,0
DA:44,0
LF:22
LH:0
end_of_record
SF:lib\core\utils\buttons\toprightcallbutton.dart
DA:17,0
DA:18,0
DA:20,0
DA:21,0
DA:22,0
DA:23,0
DA:24,0
DA:25,0
DA:26,0
DA:27,0
DA:28,0
DA:29,0
DA:30,0
DA:31,0
DA:32,0
DA:33,0
DA:34,0
DA:35,0
DA:38,0
DA:39,0
DA:40,0
DA:43,0
DA:45,0
DA:46,0
DA:47,0
DA:49,0
DA:51,0
DA:52,0
DA:53,0
DA:56,0
DA:57,0
DA:59,0
DA:61,0
DA:62,0
DA:63,0
DA:65,0
DA:66,0
DA:68,0
LF:38
LH:0
end_of_record
SF:lib\core\utils\helper_functions\add-delay.dart
DA:4,0
DA:5,0
LF:2
LH:0
end_of_record
SF:lib\core\utils\helper_functions\getSliderEmotionImage.dart
DA:4,0
DA:10,0
DA:13,0
DA:14,0
DA:15,0
DA:16,0
DA:17,0
LF:7
LH:0
end_of_record
SF:lib\core\utils\universal-widgets\bottomsheet-fixed-top.dart
DA:5,100
DA:7,0
DA:9,0
DA:11,0
DA:13,0
DA:14,0
DA:16,0
DA:17,0
DA:19,0
DA:20,0
DA:21,0
DA:22,0
DA:23,0
DA:25,0
LF:14
LH:1
end_of_record
SF:lib\core\utils\universal-widgets\day-selector-box.dart
DA:13,0
DA:14,0
DA:15,0
DA:16,0
DA:18,0
DA:19,0
DA:21,0
DA:22,0
DA:23,0
DA:24,0
DA:25,0
DA:27,0
DA:29,0
DA:30,0
DA:32,0
DA:34,0
DA:35,0
DA:37,0
DA:39,0
DA:40,0
DA:42,0
DA:45,0
DA:46,0
DA:47,0
DA:50,0
DA:51,0
DA:52,0
DA:55,0
DA:56,0
DA:59,0
LF:30
LH:0
end_of_record
SF:lib\core\utils\universal-widgets\divided-image-component.dart
DA:8,0
DA:9,0
DA:10,0
DA:11,0
DA:13,0
DA:14,0
DA:15,0
DA:16,0
DA:17,0
DA:18,0
DA:21,0
DA:22,0
DA:23,0
DA:25,0
DA:26,0
DA:28,0
DA:29,0
LF:17
LH:0
end_of_record
SF:lib\core\utils\universal-widgets\grid-style-loader.dart
DA:12,200
DA:14,0
DA:16,0
DA:18,0
DA:19,0
DA:20,0
DA:21,0
DA:27,0
DA:28,0
DA:31,0
DA:33,0
DA:34,0
DA:35,0
DA:41,0
DA:42,0
DA:44,0
DA:45,0
DA:46,0
DA:47,0
DA:48,0
DA:49,0
DA:50,0
LF:22
LH:1
end_of_record
SF:lib\core\utils\universal-widgets\images_positioning.dart
DA:14,0
DA:16,0
DA:17,0
DA:18,0
DA:19,0
DA:20,0
DA:29,0
DA:30,0
DA:31,0
DA:33,0
DA:35,0
DA:37,0
DA:38,0
DA:46,0
DA:47,0
DA:48,0
DA:50,0
DA:51,0
DA:52,0
DA:53,0
DA:54,0
DA:55,0
DA:56,0
DA:57,0
DA:58,0
DA:62,0
DA:63,0
DA:65,0
DA:66,0
DA:67,0
DA:68,0
DA:69,0
DA:70,0
DA:71,0
DA:72,0
DA:79,0
DA:80,0
DA:82,0
DA:83,0
DA:84,0
DA:93,0
DA:94,0
DA:95,0
DA:97,0
DA:99,0
DA:100,0
DA:101,0
DA:102,0
DA:111,0
DA:112,0
DA:114,0
DA:115,0
DA:117,0
DA:118,0
DA:119,0
DA:120,0
DA:121,0
DA:124,0
DA:125,0
DA:127,0
DA:128,0
DA:130,0
DA:131,0
DA:132,0
DA:141,0
DA:142,0
DA:143,0
DA:144,0
DA:147,0
DA:148,0
DA:149,0
DA:150,0
DA:151,0
DA:153,0
DA:154,0
DA:156,0
LF:76
LH:0
end_of_record
SF:lib\core\utils\universal-widgets\loading-widget.dart
DA:11,0
DA:13,0
DA:14,0
DA:15,0
DA:16,0
DA:17,0
DA:18,0
DA:21,0
DA:23,0
DA:24,0
DA:25,0
DA:26,0
DA:27,0
DA:28,0
DA:30,0
DA:31,0
DA:32,0
DA:36,0
DA:37,0
DA:39,0
DA:41,0
DA:42,0
DA:43,0
DA:44,0
DA:45,0
DA:47,0
DA:48,0
DA:49,0
LF:28
LH:0
end_of_record
SF:lib\core\utils\universal-widgets\mini-loader.dart
DA:5,200
DA:7,0
DA:9,0
DA:11,0
DA:12,0
DA:14,0
DA:15,0
DA:17,0
LF:8
LH:1
end_of_record
SF:lib\core\utils\universal-widgets\pill-loader.dart
DA:8,0
DA:10,0
DA:11,0
DA:13,0
DA:14,0
DA:15,0
DA:16,0
DA:17,0
DA:18,0
DA:20,0
LF:10
LH:0
end_of_record
SF:lib\core\utils\universal-widgets\rings.dart
DA:12,0
DA:14,0
DA:15,0
DA:17,0
DA:18,0
DA:19,0
DA:20,0
DA:21,0
DA:23,0
DA:24,0
DA:25,0
DA:34,0
DA:35,0
DA:36,0
DA:38,0
DA:40,0
DA:41,0
DA:42,0
DA:44,0
DA:45,0
DA:46,0
DA:48,0
DA:49,0
DA:51,0
DA:52,0
DA:53,0
DA:54,0
DA:55,0
DA:57,0
DA:68,0
DA:69,0
DA:71,0
DA:72,0
DA:74,0
DA:75,0
DA:76,0
DA:86,0
DA:87,0
DA:88,0
DA:90,0
DA:92,0
DA:93,0
DA:95,0
DA:96,0
DA:98,0
DA:99,0
DA:100,0
LF:47
LH:0
end_of_record
SF:lib\core\utils\universal-widgets\splash-screen-elements.dart
DA:7,200
DA:9,0
DA:11,0
DA:12,0
DA:13,0
DA:14,0
DA:15,0
LF:7
LH:1
end_of_record
SF:lib\core\utils\universal-widgets\upper_layer.dart
DA:12,0
DA:14,0
DA:15,0
DA:17,0
DA:18,0
DA:20,0
DA:21,0
DA:23,0
DA:24,0
DA:25,0
DA:34,0
DA:35,0
DA:36,0
DA:37,0
DA:38,0
DA:40,0
DA:41,0
DA:43,0
DA:44,0
DA:46,0
DA:47,0
DA:48,0
DA:57,0
DA:58,0
DA:60,0
DA:61,0
DA:63,0
DA:64,0
DA:65,0
DA:74,0
DA:75,0
DA:76,0
DA:77,0
DA:78,0
DA:80,0
DA:81,0
DA:83,0
DA:84,0
DA:86,0
DA:87,0
DA:88,0
DA:97,0
DA:98,0
DA:100,0
DA:101,0
DA:103,0
DA:104,0
DA:105,0
DA:114,0
DA:115,0
DA:116,0
DA:117,0
DA:118,0
DA:120,0
DA:121,0
DA:123,0
DA:124,0
DA:126,0
DA:127,0
DA:128,0
DA:137,0
DA:138,0
DA:140,0
DA:141,0
DA:143,0
DA:144,0
DA:145,0
DA:154,0
DA:155,0
DA:156,0
DA:157,0
DA:158,0
DA:160,0
DA:161,0
DA:163,0
DA:164,0
DA:166,0
DA:167,0
DA:168,0
DA:177,0
DA:178,0
DA:180,0
DA:181,0
DA:183,0
DA:184,0
DA:185,0
DA:194,0
DA:195,0
DA:196,0
DA:197,0
DA:198,0
DA:200,0
DA:201,0
DA:203,0
DA:204,0
DA:206,0
DA:207,0
DA:208,0
DA:216,0
DA:217,0
DA:219,0
DA:220,0
DA:222,0
DA:223,0
DA:224,0
DA:233,0
DA:234,0
DA:235,0
DA:236,0
DA:237,0
DA:239,0
DA:240,0
DA:242,0
DA:243,0
DA:245,0
DA:246,0
DA:247,0
DA:248,0
DA:249,0
DA:251,0
LF:120
LH:0
end_of_record
SF:lib\core\utils\universal-widgets\text-description-box.dart
DA:35,0
DA:45,0
DA:47,0
DA:49,0
DA:51,0
DA:52,0
DA:53,0
DA:55,0
DA:56,0
DA:57,0
DA:58,0
DA:61,0
DA:62,0
DA:63,0
DA:64,0
DA:68,0
DA:69,0
DA:71,0
DA:76,0
DA:77,0
DA:78,0
DA:79,0
DA:80,0
DA:81,0
DA:85,0
DA:86,0
DA:88,0
DA:89,0
DA:90,0
DA:95,0
DA:96,0
DA:98,0
DA:99,0
DA:100,0
DA:101,0
DA:102,0
DA:103,0
DA:105,0
DA:106,0
DA:107,0
DA:108,0
DA:109,0
DA:110,0
DA:111,0
DA:112,0
DA:113,0
DA:117,0
DA:118,0
DA:119,0
DA:120,0
DA:121,0
DA:125,0
DA:126,0
DA:127,0
DA:128,0
DA:129,0
DA:133,0
DA:134,0
DA:135,0
DA:136,0
DA:137,0
DA:141,0
DA:142,0
DA:143,0
DA:144,0
DA:145,0
LF:66
LH:0
end_of_record
SF:lib\core\utils\universal-widgets\text-title-box.dart
DA:19,0
DA:25,0
DA:27,0
DA:28,0
DA:29,0
DA:30,0
DA:31,0
DA:32,0
DA:34,0
DA:35,0
DA:36,0
DA:38,0
DA:39,0
DA:41,0
DA:42,0
DA:43,0
DA:45,0
DA:47,0
DA:49,0
DA:50,0
DA:51,0
DA:54,0
DA:55,0
DA:58,0
DA:61,0
DA:62,0
DA:63,0
DA:64,0
DA:67,0
DA:68,0
DA:69,0
DA:70,0
DA:71,0
DA:72,0
DA:73,0
DA:75,0
DA:77,0
DA:78,0
DA:79,0
DA:90,0
DA:91,0
DA:93,0
DA:94,0
DA:96,0
DA:97,0
DA:98,0
DA:100,0
DA:101,0
DA:103,0
DA:108,0
DA:109,0
LF:51
LH:0
end_of_record
SF:lib\core\utils\universal-widgets\textfield.dart
DA:11,0
DA:15,0
DA:19,0
DA:21,0
DA:22,0
DA:23,0
DA:25,0
DA:26,0
DA:27,0
DA:29,0
DA:30,0
DA:32,0
DA:35,0
DA:36,0
DA:38,0
DA:40,0
DA:41,0
DA:42,0
DA:43,0
DA:44,0
DA:46,0
DA:50,0
DA:53,0
DA:54,0
DA:55,0
DA:56,0
DA:60,0
DA:61,0
DA:62,0
LF:29
LH:0
end_of_record
SF:lib\core\validation\name-validation.dart
DA:7,0
DA:12,0
DA:16,0
DA:17,0
DA:19,0
DA:20,0
DA:24,0
LF:7
LH:0
end_of_record
SF:lib\core\voicenotes\data\model\player-stats-model.dart
DA:5,0
DA:8,0
DA:13,0
DA:14,0
DA:15,0
DA:16,0
LF:6
LH:0
end_of_record
SF:lib\core\voicenotes\domain\entity\player-stats.dart
DA:7,0
DA:12,0
DA:13,0
DA:15,0
LF:4
LH:0
end_of_record
SF:lib\core\voicenotes\data\repository\get-recorder-stats-repository-impl.dart
DA:12,0
DA:16,0
DA:18,0
DA:19,0
DA:22,0
DA:23,0
DA:24,0
LF:7
LH:0
end_of_record
SF:lib\core\voicenotes\data\source\get-recorder-stats-local-data-source.dart
DA:15,0
DA:19,0
DA:21,0
DA:23,0
DA:24,0
LF:5
LH:0
end_of_record
SF:lib\core\voicenotes\data\repository\start-recording-voicenote-service-impl.dart
DA:15,0
DA:19,0
DA:24,0
DA:33,0
DA:34,0
DA:35,0
DA:37,0
DA:38,0
DA:39,0
LF:9
LH:0
end_of_record
SF:lib\core\voicenotes\data\source\start-recording-voicenote-local-service.dart
DA:24,0
DA:29,0
DA:33,0
DA:36,0
DA:42,0
DA:43,0
DA:46,0
DA:47,0
DA:50,0
DA:53,0
DA:56,0
DA:60,0
DA:61,0
DA:64,0
DA:67,0
DA:72,0
DA:77,0
DA:84,0
DA:85,0
DA:93,0
DA:94,0
LF:21
LH:0
end_of_record
SF:lib\core\voicenotes\domain\entity\recording-started-status.dart
DA:6,201
DA:8,0
LF:2
LH:1
end_of_record
SF:lib\core\voicenotes\data\repository\stop-recording-service-impl.dart
DA:13,0
DA:17,0
DA:19,0
DA:23,0
DA:24,0
DA:25,0
DA:31,0
DA:35,0
DA:38,0
DA:41,0
DA:42,0
DA:43,0
LF:12
LH:0
end_of_record
SF:lib\core\voicenotes\data\source\stop-recording-local-service.dart
DA:21,0
DA:26,0
DA:28,0
DA:29,0
DA:32,0
DA:39,0
DA:40,0
DA:45,0
DA:49,0
DA:50,0
DA:53,0
DA:54,0
DA:58,0
DA:62,0
DA:64,0
DA:68,0
DA:69,0
DA:70,0
LF:18
LH:0
end_of_record
SF:lib\core\voicenotes\domain\entity\recording-stopped.dart
DA:7,201
DA:9,0
LF:2
LH:1
end_of_record
SF:lib\core\voicenotes\data\repository\voice-note-player-repository-impl.dart
DA:15,0
DA:17,0
DA:18,0
DA:19,0
DA:24,0
DA:31,0
DA:32,0
DA:43,0
DA:44,0
DA:45,0
DA:50,0
DA:51,0
DA:52,0
DA:59,0
DA:60,0
DA:61,0
DA:66,0
DA:69,0
DA:70,0
DA:71,0
DA:72,0
LF:21
LH:0
end_of_record
SF:lib\core\voicenotes\data\source\voice-note-player-local-service.dart
DA:45,0
DA:50,0
DA:51,0
DA:52,0
DA:57,0
DA:64,0
DA:65,0
DA:68,0
DA:69,0
DA:82,0
DA:83,0
DA:84,0
DA:89,0
DA:90,0
DA:91,0
DA:92,0
DA:97,0
DA:99,0
DA:100,0
DA:101,0
DA:102,0
DA:103,0
DA:104,0
DA:110,0
DA:111,0
DA:115,0
DA:118,0
DA:119,0
DA:121,0
DA:122,0
LF:30
LH:0
end_of_record
SF:lib\core\voicenotes\domain\usecases\cancel-recording.dart
DA:13,1
DA:17,1
DA:18,2
DA:19,1
DA:26,1
DA:30,0
DA:31,0
DA:33,0
LF:8
LH:5
end_of_record
SF:lib\core\voicenotes\domain\usecases\stop-recording.dart
DA:11,1
DA:15,1
DA:16,2
LF:3
LH:3
end_of_record
SF:lib\core\voicenotes\domain\usecases\clear-recording-data.dart
DA:11,1
DA:15,1
DA:16,2
DA:17,1
DA:25,1
DA:28,0
DA:29,0
LF:7
LH:5
end_of_record
SF:lib\core\voicenotes\domain\usecases\get-player-stats.dart
DA:11,1
DA:15,1
DA:18,2
LF:3
LH:3
end_of_record
SF:lib\core\voicenotes\domain\usecases\get-recorder-details.dart
DA:12,1
DA:16,1
DA:18,2
LF:3
LH:3
end_of_record
SF:lib\core\voicenotes\domain\usecases\pause-voicenote.dart
DA:10,1
DA:12,1
DA:13,2
LF:3
LH:3
end_of_record
SF:lib\core\voicenotes\domain\usecases\play-voicenote.dart
DA:15,1
DA:17,1
DA:18,2
DA:19,1
DA:20,1
DA:21,1
DA:22,1
DA:23,1
DA:35,1
DA:43,0
DA:45,0
DA:46,0
DA:47,0
DA:48,0
DA:49,0
DA:50,0
LF:16
LH:9
end_of_record
SF:lib\core\voicenotes\domain\usecases\start-recording-voice-note.dart
DA:15,1
DA:19,1
DA:21,2
DA:22,1
DA:23,1
DA:31,1
DA:35,0
DA:36,0
LF:8
LH:6
end_of_record
SF:lib\core\voicenotes\domain\usecases\stop-playing-voicenote.dart
DA:10,1
DA:12,1
DA:13,2
LF:3
LH:3
end_of_record
SF:lib\features\focus\data\models\issue-model.dart
DA:9,8
DA:15,2
DA:23,2
DA:24,2
DA:25,2
DA:26,2
DA:27,2
DA:28,2
DA:38,3
DA:39,3
DA:40,3
DA:41,3
DA:42,3
DA:43,3
LF:14
LH:14
end_of_record
SF:lib\features\focus\domain\entities\issue.dart
DA:17,106
DA:24,2
DA:25,2
DA:26,2
DA:27,2
DA:28,2
DA:29,2
DA:30,2
DA:33,0
LF:9
LH:8
end_of_record
SF:lib\features\focus\domain\usecases\add-issue.dart
DA:18,1
DA:20,1
DA:21,3
DA:28,1
DA:29,0
DA:30,0
LF:6
LH:4
end_of_record
SF:lib\features\focus\domain\usecases\get-issues.dart
DA:16,1
DA:18,1
DA:19,2
LF:3
LH:3
end_of_record
SF:lib\features\focus\presentation\controller\focus-screen-controller.dart
DA:27,0
DA:40,0
DA:41,0
DA:42,0
DA:43,0
DA:44,0
DA:46,0
DA:47,0
DA:48,0
DA:53,0
DA:54,0
DA:55,0
DA:56,0
DA:57,0
DA:60,0
DA:61,0
DA:62,0
DA:63,0
DA:65,0
DA:66,0
DA:67,0
DA:70,0
DA:72,0
DA:74,0
DA:99,0
DA:100,0
DA:103,0
DA:104,0
DA:107,0
DA:108,0
DA:109,0
DA:110,0
DA:111,0
DA:112,0
DA:113,0
DA:116,0
DA:117,0
DA:118,0
DA:120,0
DA:121,0
DA:122,0
DA:125,0
DA:126,0
DA:127,0
DA:131,0
DA:132,0
DA:133,0
DA:134,0
DA:135,0
DA:138,0
DA:139,0
DA:140,0
DA:141,0
DA:144,0
DA:145,0
DA:149,0
DA:150,0
DA:151,0
LF:58
LH:0
end_of_record
SF:lib\features\hub\presentation\controller\hub-controller.dart
DA:24,100
DA:37,0
DA:49,0
DA:50,0
DA:51,0
DA:52,0
DA:53,0
DA:55,0
DA:56,0
DA:57,0
DA:58,0
DA:60,0
DA:62,0
DA:63,0
DA:70,0
DA:71,0
DA:72,0
DA:73,0
DA:74,0
DA:76,0
DA:77,0
DA:78,0
DA:79,0
DA:81,0
DA:83,0
DA:84,0
DA:90,0
DA:91,0
DA:92,0
DA:93,0
DA:94,0
DA:95,0
DA:96,0
DA:98,0
DA:99,0
DA:100,0
DA:105,0
DA:106,0
DA:107,0
DA:109,0
DA:110,0
DA:111,0
DA:114,0
DA:132,0
DA:133,0
DA:136,0
DA:137,0
DA:140,0
DA:141,0
DA:145,0
DA:146,0
DA:147,0
DA:148,0
DA:149,0
DA:150,0
DA:151,0
DA:152,0
DA:153,0
DA:155,0
DA:158,0
DA:161,0
DA:162,0
DA:164,0
DA:167,0
DA:168,0
DA:169,0
DA:170,0
DA:171,0
DA:173,0
DA:174,0
DA:175,0
DA:177,0
DA:178,0
DA:179,0
DA:181,0
DA:182,0
DA:183,0
DA:188,0
DA:189,0
DA:190,0
DA:191,0
DA:195,0
DA:196,0
DA:197,0
LF:84
LH:1
end_of_record
SF:lib\features\focus\presentation\widgets\focus-card.dart
DA:12,0
DA:17,0
DA:23,0
DA:25,0
DA:26,0
DA:27,0
DA:29,0
DA:30,0
DA:31,0
DA:32,0
DA:34,0
DA:36,0
DA:37,0
DA:38,0
DA:39,0
DA:41,0
DA:42,0
DA:44,0
DA:45,0
DA:46,0
DA:47,0
DA:48,0
DA:56,0
DA:57,0
DA:59,0
DA:61,0
DA:62,0
DA:63,0
LF:28
LH:0
end_of_record
SF:lib\features\home-management\data\models\post-onboparding-action-model.dart
DA:5,0
DA:13,0
DA:23,0
DA:24,0
DA:25,0
DA:26,0
DA:27,0
DA:28,0
DA:29,0
DA:30,0
DA:32,0
DA:36,0
DA:37,0
DA:38,0
DA:39,0
DA:40,0
DA:41,0
DA:42,0
DA:43,0
DA:44,0
LF:20
LH:0
end_of_record
SF:lib\features\home-management\domain\entities\post-onboarding-action.dart
DA:13,0
DA:23,0
DA:25,0
DA:26,0
DA:27,0
DA:28,0
DA:29,0
DA:30,0
DA:31,0
DA:32,0
LF:10
LH:0
end_of_record
SF:lib\features\home-management\domain\usecases\add-weekly-activity.dart
DA:12,0
DA:16,0
DA:17,0
DA:18,0
DA:19,0
DA:27,0
DA:31,0
DA:32,0
DA:33,0
DA:34,0
DA:37,0
LF:11
LH:0
end_of_record
SF:lib\features\home-management\domain\usecases\add-weekly-category.dart
DA:13,0
DA:17,0
DA:18,0
DA:19,0
DA:20,0
DA:28,0
DA:33,0
DA:34,0
LF:8
LH:0
end_of_record
SF:lib\features\home-management\domain\usecases\get-action-with-action-status.dart
DA:15,0
DA:19,0
DA:21,0
DA:22,0
DA:30,100
DA:34,0
DA:35,0
DA:37,0
LF:8
LH:1
end_of_record
SF:lib\features\home-management\domain\usecases\get-mood-popup-shown-status.dart
DA:10,0
DA:14,0
DA:15,0
LF:3
LH:0
end_of_record
SF:lib\features\home-management\domain\usecases\get-recommendations-by-action-time.dart
DA:20,0
DA:24,0
DA:26,0
DA:27,0
DA:35,100
DA:38,0
DA:39,0
DA:40,0
LF:8
LH:1
end_of_record
SF:lib\features\home-management\domain\usecases\toggle-mood-popup-shown-state.dart
DA:10,0
DA:14,0
DA:15,0
LF:3
LH:0
end_of_record
SF:lib\features\home-management\presentation\controller\home-controller.dart
DA:54,100
DA:90,0
DA:141,0
DA:142,0
DA:143,0
DA:145,0
DA:146,0
DA:147,0
DA:149,0
DA:150,0
DA:151,0
DA:152,0
DA:159,0
DA:160,0
DA:161,0
DA:163,0
DA:164,0
DA:165,0
DA:167,0
DA:168,0
DA:174,0
DA:175,0
DA:176,0
DA:178,0
DA:179,0
DA:180,0
DA:182,0
DA:183,0
DA:189,0
DA:190,0
DA:191,0
DA:192,0
DA:195,0
DA:196,0
DA:197,0
DA:199,0
DA:200,0
DA:205,0
DA:206,0
DA:211,0
DA:212,0
DA:213,0
DA:215,0
DA:218,0
DA:220,0
DA:221,0
DA:224,0
DA:231,0
DA:236,0
DA:237,0
DA:238,0
DA:240,0
DA:241,0
DA:242,0
DA:244,0
DA:245,0
DA:246,0
DA:248,0
DA:255,0
DA:256,0
DA:257,0
DA:259,0
DA:262,0
DA:263,0
DA:264,0
DA:266,0
DA:267,0
DA:270,0
DA:271,0
DA:278,0
DA:279,0
DA:284,0
DA:285,0
DA:286,0
DA:288,0
DA:289,0
DA:295,0
DA:296,0
DA:297,0
DA:299,0
DA:300,0
DA:301,0
DA:303,0
DA:304,0
DA:305,0
DA:310,0
DA:311,0
DA:312,0
DA:313,0
DA:314,0
DA:315,0
DA:319,0
DA:328,0
DA:329,0
DA:330,0
DA:331,0
DA:333,0
DA:334,0
DA:335,0
DA:342,0
DA:343,0
DA:344,0
DA:345,0
DA:346,0
DA:347,0
DA:350,0
DA:351,0
DA:352,0
DA:353,0
DA:355,0
DA:356,0
DA:357,0
DA:359,0
DA:366,0
DA:369,0
DA:371,0
DA:372,0
DA:374,0
DA:375,0
DA:376,0
DA:378,0
DA:379,0
DA:382,0
DA:383,0
DA:387,0
DA:393,0
DA:396,0
DA:397,0
DA:399,0
DA:400,0
DA:401,0
DA:405,0
DA:406,0
DA:407,0
DA:408,0
DA:410,0
DA:411,0
DA:414,0
DA:415,0
DA:423,0
DA:426,0
DA:427,0
DA:428,0
DA:432,0
DA:433,0
DA:434,0
DA:436,0
DA:437,0
DA:444,0
DA:448,0
DA:449,0
DA:454,0
DA:455,0
DA:456,0
DA:458,0
DA:459,0
DA:462,0
DA:467,0
DA:468,0
DA:469,0
DA:470,0
DA:471,0
DA:472,0
DA:475,0
DA:478,0
DA:479,0
DA:480,0
DA:482,0
DA:483,0
DA:488,0
DA:489,0
DA:490,0
DA:492,0
DA:493,0
DA:494,0
DA:496,0
DA:497,0
DA:498,0
DA:504,0
DA:505,0
DA:506,0
DA:508,0
DA:509,0
DA:510,0
DA:512,0
DA:513,0
DA:514,0
DA:522,0
DA:523,0
DA:524,0
DA:526,0
DA:527,0
DA:528,0
DA:530,0
DA:531,0
DA:536,0
DA:537,0
DA:540,0
DA:542,0
DA:543,0
DA:544,0
DA:549,0
DA:550,0
DA:551,0
DA:552,0
DA:553,0
DA:555,0
DA:556,0
DA:557,0
DA:558,0
DA:604,0
DA:605,0
DA:608,0
DA:609,0
DA:613,0
DA:614,0
DA:617,0
DA:618,0
DA:621,0
DA:622,0
DA:623,0
DA:626,0
DA:629,0
DA:630,0
DA:631,0
DA:632,0
DA:633,0
DA:635,0
DA:636,0
DA:640,0
DA:641,0
DA:642,0
DA:643,0
DA:644,0
DA:646,0
DA:647,0
DA:652,0
DA:653,0
DA:654,0
DA:655,0
DA:656,0
DA:657,0
DA:658,0
DA:660,0
DA:661,0
DA:662,0
DA:663,0
DA:664,0
DA:665,0
DA:666,0
DA:667,0
DA:668,0
DA:672,0
DA:673,0
DA:674,0
LF:255
LH:1
end_of_record
SF:lib\features\home-management\presentation\widgets\daily-mood-bottom-sheet.dart
DA:13,0
DA:17,0
DA:19,0
DA:20,0
DA:21,0
DA:23,0
DA:24,0
DA:25,0
DA:26,0
DA:27,0
DA:28,0
DA:30,0
DA:34,0
DA:35,0
DA:36,0
DA:38,0
DA:40,0
DA:41,0
DA:42,0
DA:44,0
DA:45,0
DA:46,0
DA:48,0
DA:50,0
DA:51,0
DA:53,0
DA:55,0
DA:56,0
DA:57,0
DA:60,0
DA:61,0
DA:62,0
DA:63,0
DA:64,0
DA:65,0
DA:66,0
DA:73,0
DA:75,0
DA:79,0
DA:80,0
LF:40
LH:0
end_of_record
SF:lib\features\rapport-building\domain\usecases\get-all-moods.dart
DA:16,1
DA:18,1
DA:19,2
LF:3
LH:3
end_of_record
SF:lib\features\rapport-building\domain\usecases\set-subject-mood.dart
DA:17,1
DA:19,1
DA:21,2
DA:22,1
DA:23,1
DA:32,1
DA:37,0
DA:38,0
LF:8
LH:6
end_of_record
SF:lib\features\home-management\presentation\widgets\old-vs-new-rendering-checker.dart
DA:8,0
DA:13,0
DA:15,0
DA:17,0
DA:18,0
DA:20,0
LF:6
LH:0
end_of_record
SF:lib\features\home-management\presentation\widgets\weekend-renderer.dart
DA:14,0
DA:22,0
DA:24,0
DA:27,0
DA:28,0
DA:29,0
DA:30,0
DA:31,0
DA:33,0
LF:9
LH:0
end_of_record
SF:lib\features\home-management\presentation\widgets\weekend-ui-fragment.dart
DA:14,0
DA:16,0
DA:19,0
DA:21,0
DA:22,0
DA:23,0
DA:24,0
DA:26,0
DA:28,0
DA:29,0
DA:30,0
DA:32,0
DA:36,0
DA:37,0
DA:39,0
DA:41,0
DA:42,0
DA:43,0
DA:45,0
DA:49,0
DA:50,0
DA:51,0
DA:54,0
DA:59,0
DA:61,0
DA:62,0
DA:64,0
DA:66,0
DA:67,0
DA:69,0
DA:70,0
DA:71,0
DA:73,0
DA:74,0
DA:83,0
DA:85,0
DA:86,0
DA:87,0
DA:88,0
DA:89,0
DA:91,0
DA:92,0
DA:93,0
DA:98,0
DA:100,0
DA:109,0
DA:111,0
DA:112,0
DA:113,0
DA:114,0
DA:115,0
DA:121,0
DA:133,0
DA:137,0
DA:140,0
DA:142,0
DA:143,0
DA:144,0
DA:145,0
DA:146,0
DA:147,0
DA:148,0
DA:149,0
DA:150,0
DA:152,0
DA:153,0
DA:155,0
DA:156,0
DA:157,0
DA:158,0
DA:160,0
DA:163,0
DA:165,0
DA:166,0
DA:168,0
DA:169,0
DA:170,0
DA:172,0
DA:174,0
DA:175,0
DA:177,0
DA:180,0
DA:181,0
DA:182,0
DA:184,0
DA:186,0
DA:187,0
DA:188,0
DA:190,0
DA:192,0
DA:193,0
DA:194,0
DA:195,0
DA:196,0
DA:197,0
DA:199,0
DA:210,0
DA:212,0
DA:213,0
DA:215,0
DA:216,0
DA:217,0
LF:102
LH:0
end_of_record
SF:lib\features\home-management\presentation\widgets\appbar.dart
DA:8,0
DA:11,0
DA:15,0
DA:17,0
DA:18,0
DA:19,0
DA:20,0
DA:22,0
DA:24,0
DA:26,0
DA:27,0
DA:28,0
DA:29,0
DA:31,0
DA:32,0
DA:33,0
DA:35,0
DA:36,0
DA:38,0
DA:39,0
DA:42,0
DA:43,0
LF:22
LH:0
end_of_record
SF:lib\features\home-management\presentation\widgets\rendering-condition-checker.dart
DA:10,0
DA:13,0
DA:14,0
DA:16,0
DA:17,0
DA:19,0
DA:21,0
DA:22,0
DA:24,0
DA:29,0
LF:10
LH:0
end_of_record
SF:lib\features\home-management\presentation\widgets\view-injector.dart
DA:11,0
DA:17,0
DA:24,0
DA:26,0
DA:27,0
DA:29,0
DA:31,0
DA:32,0
DA:33,0
DA:34,0
DA:35,0
DA:36,0
DA:37,0
DA:49,0
DA:50,0
DA:51,0
DA:52,0
DA:58,0
DA:59,0
DA:60,0
DA:61,0
LF:21
LH:0
end_of_record
SF:lib\features\home-management\presentation\widgets\week-day-viewer.dart
DA:6,0
DA:10,0
DA:15,0
DA:17,0
DA:19,0
DA:20,0
DA:21,0
DA:24,0
DA:27,0
LF:9
LH:0
end_of_record
SF:lib\features\home-management\presentation\widgets\big-goals-path-interface.dart
DA:17,0
DA:22,0
DA:27,0
DA:29,0
DA:30,0
DA:36,0
DA:38,0
DA:39,0
DA:40,0
DA:41,0
DA:42,0
DA:43,0
DA:45,0
DA:47,0
DA:48,0
DA:52,0
DA:54,0
DA:55,0
DA:60,0
DA:61,0
DA:64,0
DA:65,0
DA:69,0
LF:23
LH:0
end_of_record
SF:lib\features\home-management\presentation\widgets\feedback-view.dart
DA:19,0
DA:26,0
DA:28,0
DA:29,0
DA:33,0
DA:35,0
DA:38,0
DA:40,0
DA:41,0
DA:42,0
DA:43,0
DA:49,0
DA:50,0
DA:56,0
DA:57,0
DA:58,0
DA:60,0
DA:61,0
DA:63,0
DA:65,0
DA:66,0
DA:67,0
DA:68,0
DA:69,0
DA:73,0
DA:74,0
DA:76,0
DA:78,0
DA:79,0
DA:80,0
DA:81,0
DA:85,0
DA:86,0
DA:87,0
DA:88,0
DA:89,0
DA:92,0
DA:93,0
DA:94,0
DA:101,0
DA:103,0
DA:105,0
DA:106,0
DA:108,0
DA:110,0
DA:111,0
DA:112,0
DA:116,0
DA:118,0
DA:119,0
DA:126,0
DA:127,0
DA:129,0
LF:53
LH:0
end_of_record
SF:lib\features\home-management\presentation\widgets\path-checker.dart
DA:9,0
DA:15,0
DA:16,0
DA:18,0
DA:19,0
DA:21,0
LF:6
LH:0
end_of_record
SF:lib\features\home-management\presentation\widgets\recommendation-view.dart
DA:13,0
DA:18,0
DA:24,0
DA:26,0
DA:27,0
DA:28,0
DA:29,0
DA:31,0
DA:32,0
DA:34,0
DA:35,0
DA:37,0
DA:39,0
DA:40,0
DA:41,0
DA:42,0
DA:44,0
DA:45,0
DA:46,0
DA:47,0
DA:48,0
DA:50,0
DA:51,0
DA:52,0
DA:53,0
LF:25
LH:0
end_of_record
SF:lib\features\home-management\presentation\widgets\small-path-interface.dart
DA:21,0
DA:26,0
DA:31,0
DA:33,0
DA:34,0
DA:35,0
DA:36,0
DA:37,0
DA:38,0
DA:39,0
DA:40,0
DA:44,0
DA:46,0
DA:47,0
DA:53,0
DA:54,0
DA:57,0
DA:58,0
DA:62,0
DA:65,0
DA:66,0
DA:70,0
DA:71,0
DA:72,0
DA:76,0
DA:77,0
DA:79,0
DA:81,0
DA:82,0
DA:84,0
DA:85,0
DA:86,0
DA:97,0
DA:101,0
DA:102,0
DA:103,0
DA:104,0
DA:105,0
DA:106,0
DA:110,0
DA:111,0
DA:112,0
DA:122,0
DA:125,0
DA:128,0
DA:130,0
DA:134,0
DA:136,0
DA:137,0
DA:139,0
DA:140,0
DA:141,0
DA:143,0
DA:145,0
DA:146,0
LF:55
LH:0
end_of_record
SF:lib\features\hub\data\models\default-rating-scale-model.dart
DA:9,1
DA:15,0
DA:23,0
DA:24,0
DA:25,0
DA:26,0
DA:27,0
DA:28,0
LF:8
LH:1
end_of_record
SF:lib\features\hub\domain\entities\default-rating-scale.dart
DA:16,100
DA:23,0
DA:25,0
DA:26,0
DA:27,0
DA:28,0
DA:29,0
DA:30,0
DA:34,0
DA:37,0
DA:44,0
DA:45,0
DA:46,0
DA:47,0
DA:48,0
DA:49,0
LF:16
LH:1
end_of_record
SF:lib\features\rapport-building\data\models\subject-information-model.dart
DA:9,9
DA:17,2
DA:26,2
DA:27,2
DA:28,2
DA:29,2
DA:30,2
DA:31,2
DA:32,2
DA:33,2
DA:34,4
DA:38,1
DA:39,1
DA:40,1
DA:41,2
DA:43,1
DA:44,1
DA:45,1
DA:46,1
DA:47,1
DA:52,2
DA:53,2
DA:56,2
LF:23
LH:23
end_of_record
SF:lib\features\hub\domain\entities\hub-status.dart
DA:21,2
DA:29,0
DA:31,0
DA:32,0
DA:33,0
DA:34,0
DA:35,0
DA:36,0
DA:40,0
DA:43,0
DA:51,0
DA:52,0
DA:53,0
DA:54,0
DA:55,0
DA:57,0
DA:58,0
LF:17
LH:1
end_of_record
SF:lib\features\hub\data\models\life-priority-list-model.dart
DA:11,3
DA:14,0
DA:19,0
DA:22,0
DA:23,0
DA:24,0
DA:26,0
DA:27,0
DA:29,0
DA:32,0
LF:10
LH:1
end_of_record
SF:lib\features\hub\data\models\life-rating-result-model.dart
DA:10,1
DA:16,1
DA:24,0
DA:25,0
DA:26,0
DA:27,0
DA:28,0
DA:30,0
DA:31,0
DA:32,0
DA:34,0
DA:35,0
LF:12
LH:2
end_of_record
SF:lib\features\hub\data\models\target-focus-list-model.dart
DA:12,3
DA:15,0
DA:20,0
DA:22,0
DA:23,0
DA:24,0
DA:26,0
DA:27,0
DA:28,0
DA:30,0
DA:33,0
LF:11
LH:1
end_of_record
SF:lib\features\hub\data\models\individual-satisfaction-rating-result-model.dart
DA:10,1
DA:14,0
DA:20,0
DA:22,0
DA:23,0
DA:24,0
DA:25,0
DA:26,0
LF:8
LH:1
end_of_record
SF:lib\features\hub\domain\entities\individual-satisfaction-rating-result.dart
DA:14,100
DA:19,0
DA:20,0
DA:22,0
DA:25,0
DA:30,0
DA:31,0
DA:32,0
DA:33,0
LF:9
LH:1
end_of_record
SF:lib\features\hub\domain\entities\life-priority-list.dart
DA:11,101
DA:15,0
DA:16,0
DA:18,0
DA:22,0
DA:23,0
DA:25,0
DA:29,0
LF:8
LH:1
end_of_record
SF:lib\features\rapport-building\data\models\subject-id-model.dart
DA:8,23
DA:10,5
DA:11,10
DA:14,3
DA:15,6
LF:5
LH:5
end_of_record
SF:lib\features\hub\domain\entities\life-rating-result.dart
DA:17,1
DA:24,0
DA:26,0
DA:27,0
DA:28,0
DA:29,0
DA:30,0
DA:31,0
DA:35,0
DA:42,0
DA:43,0
DA:44,0
DA:45,0
DA:46,0
DA:47,0
DA:51,0
LF:16
LH:1
end_of_record
SF:lib\features\hub\domain\entities\target-focus-list.dart
DA:14,101
DA:18,0
DA:19,0
DA:21,0
DA:24,0
DA:28,0
DA:29,0
DA:30,0
LF:8
LH:1
end_of_record
SF:lib\features\rapport-building\domain\entities\subject-id.dart
DA:7,108
DA:8,5
DA:9,10
LF:3
LH:3
end_of_record
SF:lib\features\hub\domain\usecases\create-travller.dart
DA:16,1
DA:20,1
DA:21,2
LF:3
LH:3
end_of_record
SF:lib\features\hub\domain\usecases\get-hub-status.dart
DA:16,1
DA:20,1
DA:21,2
LF:3
LH:3
end_of_record
SF:lib\features\hub\presentation\controller\hub-screen-state-object.dart
DA:19,0
DA:25,0
DA:26,0
DA:28,0
DA:33,0
LF:5
LH:0
end_of_record
SF:lib\features\hub\presentation\widgets\circular-shimmer-loading.dart
DA:11,0
DA:13,0
DA:16,0
DA:17,0
DA:19,0
DA:20,0
DA:22,0
LF:7
LH:0
end_of_record
SF:lib\features\instant-relief\data\models\instant-relief-area-model.dart
DA:9,5
DA:16,2
DA:25,2
DA:26,2
DA:27,2
DA:28,2
DA:29,2
DA:30,2
DA:31,2
DA:41,1
DA:42,1
DA:43,1
DA:44,1
DA:45,1
DA:46,1
DA:47,1
LF:16
LH:16
end_of_record
SF:lib\features\instant-relief\domain\entities\instant-relief-area.dart
DA:18,3
DA:26,2
DA:28,2
DA:29,2
DA:30,2
DA:31,2
DA:32,2
DA:33,2
DA:34,2
LF:9
LH:9
end_of_record
SF:lib\features\instant-relief\domain\entities\emergency-number.dart
DA:10,3
DA:11,0
DA:12,0
LF:3
LH:1
end_of_record
SF:lib\features\instant-relief\domain\usecases\get-instant-recommendations.dart
DA:15,0
DA:19,0
DA:21,0
DA:22,0
DA:30,0
DA:33,0
DA:34,0
DA:35,0
LF:8
LH:0
end_of_record
SF:lib\features\instant-relief\domain\usecases\get-instant-relief-areas.dart
DA:17,1
DA:21,1
DA:24,2
LF:3
LH:3
end_of_record
SF:lib\features\instant-relief\domain\usecases\list-emergency-numbers.dart
DA:16,1
DA:20,1
DA:21,2
LF:3
LH:3
end_of_record
[...]
DA:48,0
DA:52,0
DA:56,0
DA:57,0
DA:59,0
DA:61,0
DA:62,0
DA:63,0
DA:64,0
DA:65,0
DA:67,0
DA:69,0
DA:70,0
DA:71,0
DA:76,0
DA:77,0
DA:79,0
DA:81,0
DA:82,0
DA:83,0
DA:85,0
DA:86,0
DA:87,0
DA:88,0
DA:90,0
DA:92,0
DA:94,0
DA:95,0
DA:96,0
DA:97,0
DA:98,0
DA:99,0
DA:100,0
DA:101,0
DA:103,0
DA:109,0
LF:59
LH:0
end_of_record
SF:lib\features\rapport-building\Presentation\widgets\rapport3.dart
DA:24,0
DA:28,0
DA:30,0
DA:31,0
DA:32,0
DA:33,0
DA:34,0
DA:35,0
DA:36,0
DA:38,0
DA:39,0
DA:41,0
DA:43,0
DA:44,0
DA:46,0
DA:47,0
DA:48,0
DA:50,0
DA:53,0
DA:54,0
DA:56,0
DA:57,0
DA:59,0
DA:60,0
DA:62,0
DA:63,0
DA:67,0
DA:68,0
DA:72,0
DA:73,0
DA:75,0
DA:77,0
DA:78,0
DA:79,0
DA:81,0
DA:84,0
DA:86,0
DA:87,0
DA:88,0
DA:96,0
DA:97,0
DA:99,0
DA:101,0
DA:103,0
DA:104,0
DA:105,0
DA:107,0
DA:109,0
DA:110,0
DA:111,0
DA:119,0
DA:120,0
DA:122,0
DA:124,0
DA:125,0
DA:126,0
DA:127,0
DA:129,0
DA:131,0
DA:132,0
DA:133,0
DA:134,0
DA:135,0
DA:137,0
DA:138,0
DA:140,0
DA:141,0
DA:144,0
DA:145,0
DA:146,0
DA:147,0
DA:148,0
DA:150,0
LF:73
LH:0
end_of_record
SF:lib\features\rapport-building\Presentation\widgets\rapport4.dart
DA:27,0
DA:29,0
DA:30,0
DA:31,0
DA:32,0
DA:33,0
DA:34,0
DA:35,0
DA:37,0
DA:40,0
DA:41,0
DA:42,0
DA:44,0
DA:45,0
DA:46,0
DA:48,0
DA:50,0
DA:51,0
DA:52,0
DA:54,0
DA:56,0
DA:57,0
DA:59,0
DA:60,0
DA:62,0
DA:63,0
DA:64,0
DA:69,0
DA:70,0
DA:72,0
DA:74,0
DA:75,0
DA:76,0
DA:78,0
DA:80,0
DA:81,0
DA:82,0
DA:86,0
DA:87,0
DA:89,0
DA:91,0
DA:92,0
DA:93,0
DA:95,0
DA:97,0
DA:99,0
DA:100,0
DA:101,0
DA:109,0
DA:110,0
DA:112,0
DA:114,0
DA:115,0
DA:116,0
DA:121,0
DA:123,0
DA:124,0
DA:128,0
DA:129,0
DA:132,0
DA:133,0
DA:134,0
DA:135,0
DA:136,0
DA:138,0
DA:139,0
DA:140,0
DA:142,0
DA:143,0
DA:145,0
DA:147,0
DA:149,0
DA:151,0
DA:152,0
DA:153,0
DA:154,0
DA:156,0
DA:157,0
DA:158,0
DA:160,0
DA:161,0
DA:163,0
DA:167,0
DA:168,0
DA:169,0
DA:170,0
DA:171,0
DA:173,0
DA:174,0
DA:175,0
DA:177,0
DA:178,0
DA:180,0
DA:192,0
DA:193,0
DA:195,0
DA:196,0
DA:198,0
DA:199,0
DA:201,0
DA:202,0
DA:204,0
DA:205,0
DA:208,0
DA:223,0
DA:233,0
DA:242,0
DA:244,0
DA:246,0
DA:247,0
DA:251,0
DA:252,0
DA:254,0
DA:256,0
DA:258,0
DA:259,0
DA:260,0
DA:261,0
DA:263,0
DA:264,0
DA:265,0
DA:266,0
DA:268,0
DA:269,0
DA:271,0
DA:272,0
DA:274,0
DA:275,0
DA:276,0
DA:277,0
DA:278,0
DA:279,0
DA:280,0
DA:286,0
DA:287,0
LF:135
LH:0
end_of_record
SF:lib\features\rapport-building\Presentation\widgets\customDropDownBtn.dart
DA:15,0
DA:25,0
DA:27,0
DA:28,0
DA:29,0
DA:31,0
DA:32,0
DA:33,0
DA:34,0
DA:35,0
DA:36,0
DA:37,0
DA:39,0
DA:41,0
DA:42,0
DA:44,0
DA:46,0
DA:47,0
DA:49,0
DA:53,0
DA:56,0
DA:57,0
DA:58,0
DA:60,0
DA:61,0
DA:62,0
DA:64,0
DA:66,0
DA:68,0
DA:69,0
DA:70,0
DA:71,0
DA:73,0
DA:74,0
DA:75,0
DA:76,0
DA:77,0
DA:79,0
DA:80,0
DA:82,0
DA:84,0
DA:85,0
DA:86,0
DA:87,0
DA:88,0
DA:89,0
DA:90,0
DA:92,0
DA:101,0
DA:102,0
DA:105,0
DA:106,0
DA:110,0
DA:117,0
DA:127,0
DA:138,0
DA:145,0
DA:153,0
DA:155,0
DA:156,0
DA:157,0
DA:158,0
DA:159,0
DA:160,0
DA:161,0
DA:163,0
DA:164,0
DA:166,0
DA:167,0
DA:169,0
DA:171,0
DA:172,0
DA:173,0
DA:174,0
DA:175,0
DA:177,0
DA:179,0
DA:180,0
DA:182,0
DA:184,0
DA:185,0
DA:187,0
DA:191,0
DA:192,0
DA:193,0
DA:194,0
DA:195,0
DA:196,0
DA:198,0
DA:199,0
DA:200,0
DA:202,0
DA:203,0
DA:207,0
DA:208,0
DA:210,0
DA:212,0
DA:213,0
DA:215,0
DA:216,0
DA:218,0
DA:221,0
DA:223,0
DA:224,0
DA:226,0
LF:105
LH:0
end_of_record
SF:lib\features\rapport-building\domain\entities\rapport-step.dart
DA:20,1
DA:30,0
DA:32,0
DA:33,0
DA:34,0
DA:35,0
DA:36,0
DA:37,0
DA:38,0
DA:39,0
DA:40,0
LF:11
LH:1
end_of_record
SF:lib\features\sign-up\presentation\controller\Sign-Up-Controller.dart
DA:16,0
DA:17,0
DA:18,0
DA:19,0
DA:20,0
DA:21,0
DA:22,0
DA:24,0
DA:25,0
DA:27,0
DA:28,0
DA:32,0
DA:34,0
DA:35,0
LF:14
LH:0
end_of_record
SF:lib\features\sign-up\presentation\widget\sign-up-screenA.dart
DA:14,0
DA:16,0
DA:17,0
DA:18,0
DA:20,0
DA:22,0
DA:23,0
DA:24,0
DA:25,0
DA:26,0
DA:32,0
DA:33,0
DA:34,0
DA:36,0
DA:37,0
DA:39,0
DA:40,0
DA:41,0
DA:42,0
DA:43,0
DA:44,0
DA:45,0
DA:46,0
DA:47,0
DA:51,0
DA:54,0
DA:56,0
DA:57,0
DA:58,0
DA:59,0
DA:60,0
DA:61,0
DA:62,0
DA:63,0
DA:64,0
DA:68,0
DA:71,0
DA:73,0
DA:74,0
DA:75,0
LF:40
LH:0
end_of_record
SF:lib\features\sign-up\presentation\widget\sign-up-screenB.dart
DA:14,0
DA:16,0
DA:17,0
DA:18,0
DA:20,0
DA:22,0
DA:23,0
DA:24,0
DA:25,0
DA:26,0
DA:32,0
DA:33,0
DA:34,0
DA:36,0
DA:37,0
DA:39,0
DA:40,0
DA:41,0
DA:42,0
DA:43,0
DA:44,0
DA:45,0
DA:46,0
DA:47,0
DA:51,0
DA:54,0
DA:56,0
DA:57,0
DA:60,0
LF:29
LH:0
end_of_record
SF:lib\features\sign-up\presentation\widget\sign-up-screenC.dart
DA:14,0
DA:16,0
DA:17,0
DA:18,0
DA:20,0
DA:22,0
DA:23,0
DA:24,0
DA:25,0
DA:26,0
DA:32,0
DA:33,0
DA:34,0
DA:35,0
DA:36,0
DA:38,0
DA:39,0
DA:40,0
DA:41,0
DA:42,0
DA:43,0
DA:44,0
DA:45,0
DA:46,0
DA:50,0
DA:52,0
DA:53,0
DA:54,0
DA:55,0
DA:56,0
DA:57,0
DA:58,0
DA:59,0
DA:60,0
DA:64,0
DA:66,0
DA:67,0
DA:68,0
DA:69,0
DA:70,0
DA:71,0
DA:72,0
DA:73,0
DA:74,0
LF:44
LH:0
end_of_record
SF:lib\features\what-path-to-choose\domain\entites\journey.dart
DA:17,4
DA:25,2
DA:27,2
DA:28,2
DA:29,2
DA:30,2
DA:31,2
DA:32,2
DA:33,2
LF:9
LH:9
end_of_record
SF:lib\features\what-path-to-choose\domain\usecases\get-journey-path-list.dart
DA:16,1
DA:18,1
DA:19,2
LF:3
LH:3
end_of_record
SF:lib\features\what-path-to-choose\domain\usecases\start_journey.dart
DA:18,1
DA:22,1
DA:23,3
DA:30,1
DA:31,0
DA:32,0
LF:6
LH:4
end_of_record
SF:lib\features\what-path-to-choose\presentation\widget\journey-details-widget.dart
DA:20,0
DA:24,0
DA:25,0
DA:27,0
DA:29,0
DA:31,0
DA:32,0
DA:34,0
DA:35,0
DA:36,0
DA:37,0
DA:39,0
DA:40,0
DA:42,0
DA:43,0
DA:45,0
DA:47,0
DA:48,0
DA:50,0
DA:54,0
DA:55,0
DA:56,0
DA:58,0
DA:59,0
DA:61,0
DA:63,0
DA:64,0
DA:65,0
DA:67,0
DA:68,0
DA:70,0
DA:73,0
DA:76,0
DA:78,0
DA:79,0
DA:80,0
DA:81,0
DA:82,0
DA:93,0
DA:94,0
DA:96,0
DA:97,0
DA:99,0
DA:100,0
DA:102,0
DA:103,0
DA:104,0
LF:47
LH:0
end_of_record
SF:lib\features\what-path-to-choose\presentation\widget\journey-path-options-widget.dart
DA:17,0
DA:19,0
DA:20,0
DA:21,0
DA:22,0
DA:23,0
DA:25,0
DA:26,0
DA:27,0
DA:28,0
DA:34,0
DA:35,0
DA:36,0
DA:38,0
DA:39,0
DA:41,0
DA:42,0
DA:44,0
DA:46,0
DA:47,0
DA:49,0
DA:53,0
DA:54,0
DA:58,0
DA:59,0
DA:69,0
DA:73,0
DA:77,0
DA:79,0
DA:80,0
DA:82,0
DA:83,0
DA:84,0
DA:85,0
DA:86,0
DA:88,0
DA:89,0
DA:91,0
DA:93,0
DA:94,0
DA:95,0
DA:96,0
DA:97,0
DA:98,0
DA:100,0
DA:102,0
DA:103,0
DA:104,0
DA:105,0
DA:106,0
DA:107,0
LF:51
LH:0
end_of_record
SF:lib\features\wheel-of-life-track\data\models\life-area-model-for-prioritization.dart
DA:9,3
DA:11,0
DA:15,2
DA:16,2
DA:18,6
DA:19,4
DA:20,2
DA:21,2
DA:22,2
LF:9
LH:8
end_of_record
SF:lib\features\wheel-of-life-track\domain\entities\life-areas-for-prioritization.dart
DA:13,1
DA:14,0
DA:15,0
LF:3
LH:1
end_of_record
SF:lib\features\wheel-of-life-track\data\models\life-area-model.dart
DA:8,15
DA:12,3
DA:18,2
DA:19,2
DA:20,2
DA:21,2
DA:22,2
DA:26,1
DA:27,1
DA:28,1
DA:29,1
DA:30,1
LF:12
LH:12
end_of_record
SF:lib\features\wheel-of-life-track\domain\entities\life-area.dart
DA:12,4
DA:18,2
DA:19,8
LF:3
LH:3
end_of_record
SF:lib\features\wheel-of-life-track\data\models\satisfaction-rating-map-for-time-provision-model.dart
DA:11,4
DA:14,4
DA:16,1
DA:17,1
DA:18,2
DA:19,1
DA:20,2
DA:21,2
DA:22,2
DA:23,2
LF:10
LH:10
end_of_record
SF:lib\features\wheel-of-life-track\domain\entities\satisfaction-rating-map-for-time-provision-scale.dart
DA:15,5
DA:20,0
DA:21,0
LF:3
LH:1
end_of_record
SF:lib\features\wheel-of-life-track\data\models\satisfaction-ratings-model.dart
DA:9,3
DA:12,3
DA:14,2
DA:15,2
DA:17,6
DA:18,4
DA:19,4
DA:20,4
LF:8
LH:8
end_of_record
SF:lib\features\wheel-of-life-track\domain\entities\satisfaction-ratings.dart
DA:13,4
DA:14,0
DA:15,0
LF:3
LH:1
end_of_record
SF:lib\features\wheel-of-life-track\domain\usecases\get-life-areas.dart
DA:16,1
DA:18,1
DA:19,2
LF:3
LH:3
end_of_record
SF:lib\features\wheel-of-life-track\domain\usecases\get-rating-scale.dart
DA:16,1
DA:18,1
DA:19,2
LF:3
LH:3
end_of_record
SF:lib\features\wheel-of-life-track\domain\usecases\prioritize.dart
DA:18,1
DA:20,1
DA:21,3
DA:28,1
DA:29,0
DA:30,0
LF:6
LH:4
end_of_record
SF:lib\features\wheel-of-life-track\domain\usecases\rate-satisfaction.dart
DA:21,1
DA:23,1
DA:24,3
DA:31,1
DA:32,0
DA:33,0
LF:6
LH:4
end_of_record
SF:lib\features\wheel-of-life-track\presentation\controllers\wheel-of-life-controller.dart
DA:46,0
DA:69,0
DA:70,0
DA:71,0
DA:72,0
DA:73,0
DA:75,0
DA:76,0
DA:77,0
DA:82,0
DA:83,0
DA:84,0
DA:85,0
DA:86,0
DA:88,0
DA:89,0
DA:91,0
DA:92,0
DA:104,0
DA:105,0
DA:106,0
DA:107,0
DA:108,0
DA:110,0
DA:114,0
DA:115,0
DA:116,0
DA:117,0
DA:119,0
DA:120,0
DA:125,0
DA:127,0
DA:128,0
DA:129,0
DA:132,0
DA:138,0
DA:139,0
DA:140,0
DA:141,0
DA:143,0
DA:144,0
DA:145,0
DA:146,0
DA:148,0
DA:151,0
DA:152,0
DA:159,0
DA:160,0
DA:161,0
DA:162,0
DA:163,0
DA:165,0
DA:166,0
DA:167,0
DA:168,0
DA:169,0
DA:175,0
DA:176,0
DA:177,0
DA:218,0
DA:219,0
DA:220,0
DA:221,0
DA:225,0
DA:226,0
DA:227,0
DA:229,0
DA:230,0
DA:231,0
DA:235,0
DA:236,0
DA:239,0
DA:240,0
DA:243,0
DA:244,0
DA:245,0
DA:247,0
DA:253,0
DA:254,0
DA:255,0
DA:256,0
DA:257,0
DA:264,0
DA:265,0
DA:266,0
DA:270,0
DA:271,0
DA:272,0
DA:273,0
DA:274,0
DA:279,0
DA:280,0
DA:282,0
DA:283,0
DA:288,0
DA:289,0
DA:290,0
DA:291,0
DA:295,0
DA:296,0
DA:300,0
DA:301,0
DA:309,0
DA:310,0
DA:312,0
DA:313,0
DA:318,0
DA:319,0
DA:320,0
DA:321,0
DA:322,0
DA:323,0
DA:324,0
DA:325,0
DA:329,0
DA:330,0
DA:331,0
DA:341,0
DA:343,0
LF:119
LH:0
end_of_record
SF:lib\features\wheel-of-life-track\presentation\widgets\wheel-of-life-body-A.dart
DA:19,0
DA:22,0
DA:23,0
DA:25,0
DA:26,0
DA:28,0
DA:29,0
DA:31,0
DA:34,0
DA:35,0
DA:37,0
DA:39,0
DA:40,0
DA:41,0
DA:42,0
DA:43,0
DA:47,0
DA:48,0
DA:50,0
DA:52,0
DA:53,0
DA:56,0
DA:57,0
DA:58,0
DA:60,0
DA:65,0
DA:66,0
DA:67,0
DA:69,0
DA:70,0
DA:71,0
DA:73,0
DA:74,0
DA:76,0
DA:77,0
DA:78,0
DA:79,0
DA:80,0
DA:81,0
LF:39
LH:0
end_of_record
SF:lib\features\wheel-of-life-track\presentation\widgets\wheel-of-life-body-B.dart
DA:21,0
DA:22,0
DA:23,0
DA:24,0
DA:38,0
DA:39,0
DA:40,0
DA:42,0
DA:44,0
DA:45,0
DA:49,0
DA:51,0
DA:52,0
DA:53,0
DA:54,0
DA:55,0
DA:56,0
DA:57,0
DA:58,0
DA:59,0
DA:60,0
DA:63,0
DA:65,0
DA:66,0
DA:67,0
DA:68,0
DA:69,0
DA:70,0
DA:71,0
DA:73,0
DA:78,0
DA:79,0
DA:80,0
DA:82,0
DA:84,0
DA:85,0
DA:86,0
DA:87,0
DA:88,0
DA:90,0
DA:91,0
DA:92,0
DA:99,0
DA:100,0
DA:104,0
DA:105,0
DA:107,0
DA:108,0
DA:109,0
DA:110,0
DA:111,0
DA:112,0
DA:113,0
DA:114,0
DA:115,0
DA:117,0
DA:119,0
DA:121,0
DA:122,0
DA:123,0
DA:124,0
DA:125,0
DA:126,0
DA:128,0
DA:129,0
DA:130,0
DA:131,0
DA:132,0
DA:154,0
DA:155,0
DA:158,0
DA:159,0
DA:161,0
DA:162,0
DA:163,0
DA:165,0
DA:172,0
DA:174,0
DA:175,0
DA:176,0
DA:177,0
DA:179,0
DA:183,0
DA:185,0
DA:187,0
DA:188,0
DA:192,0
DA:193,0
LF:88
LH:0
end_of_record
SF:lib\features\wheel-of-life-track\presentation\widgets\wheel-of-life-body-D.dart
DA:18,0
DA:21,0
DA:22,0
DA:24,0
DA:25,0
DA:26,0
DA:27,0
DA:28,0
DA:29,0
DA:32,0
DA:33,0
DA:34,0
DA:35,0
DA:36,0
DA:38,0
DA:39,0
DA:40,0
DA:41,0
DA:43,0
DA:45,0
DA:46,0
DA:47,0
DA:48,0
DA:49,0
DA:50,0
DA:51,0
DA:52,0
DA:54,0
DA:55,0
DA:57,0
DA:58,0
DA:59,0
DA:60,0
DA:61,0
DA:62,0
DA:63,0
DA:64,0
DA:65,0
DA:68,0
DA:69,0
DA:70,0
LF:41
LH:0
end_of_record
SF:lib\features\wheel-of-life-track\presentation\widgets\re-orderable-ListItem.dart
DA:18,0
DA:19,0
DA:20,0
DA:21,0
DA:22,0
DA:23,0
DA:24,0
DA:26,0
DA:27,0
DA:28,0
DA:29,0
DA:31,0
DA:32,0
DA:34,0
DA:35,0
DA:36,0
DA:38,0
DA:39,0
DA:41,0
DA:43,0
DA:44,0
DA:46,0
DA:47,0
DA:51,0
DA:52,0
DA:53,0
DA:54,0
DA:55,0
DA:57,0
DA:58,0
DA:60,0
DA:62,0
DA:63,0
DA:65,0
DA:66,0
DA:68,0
DA:69,0
DA:70,0
DA:74,0
DA:76,0
DA:85,0
DA:86,0
DA:88,0
LF:43
LH:0
end_of_record
SF:lib\features\wheel-of-life-track\presentation\widgets\slider-tile.dart
DA:15,0
DA:24,0
DA:34,0
DA:36,0
DA:37,0
DA:38,0
DA:39,0
DA:41,0
DA:42,0
DA:43,0
DA:45,0
DA:47,0
DA:48,0
DA:49,0
DA:51,0
DA:52,0
DA:54,0
DA:55,0
DA:56,0
DA:57,0
DA:60,0
DA:61,0
DA:62,0
DA:63,0
DA:64,0
DA:66,0
DA:68,0
DA:73,0
DA:74,0
DA:76,0
DA:77,0
DA:78,0
DA:79,0
DA:80,0
DA:81,0
DA:83,0
DA:86,0
DA:87,0
DA:88,0
DA:90,0
DA:91,0
DA:92,0
DA:94,0
DA:95,0
DA:97,0
DA:98,0
DA:99,0
DA:101,0
DA:102,0
DA:104,0
DA:105,0
DA:107,0
DA:108,0
DA:109,0
DA:116,0
DA:118,0
DA:119,0
DA:121,0
DA:122,0
DA:123,0
DA:124,0
DA:129,0
DA:131,0
DA:132,0
DA:134,0
DA:135,0
DA:136,0
DA:137,0
LF:68
LH:0
end_of_record
SF:lib\core\activity-management\data\repositories\get-activity-schedule-guided-plan-repository-impl.dart
DA:19,1
DA:24,1
DA:25,2
DA:26,3
LF:4
LH:4
end_of_record
SF:lib\core\activity-management\data\repositories\get-all-recommendation-categories-repository-impl.dart
DA:17,1
DA:23,1
DA:24,2
DA:25,3
LF:4
LH:4
end_of_record
SF:lib\core\activity-management\data\sources\get-all-recommendation-categories-remote-data-source.dart
DA:27,0
DA:32,0
DA:33,0
DA:34,0
DA:36,0
DA:37,0
DA:39,0
DA:40,0
DA:44,0
LF:9
LH:0
end_of_record
SF:lib\core\activity-management\data\repositories\rate-recommendation-flow-service-impl.dart
DA:18,1
DA:23,1
DA:26,2
DA:27,3
LF:4
LH:4
end_of_record
SF:lib\core\activity-management\data\sources\rate-recommendation-flow-remote-service.dart
DA:31,0
DA:36,0
DA:39,0
DA:40,0
DA:42,0
DA:43,0
DA:44,0
DA:47,0
LF:8
LH:0
end_of_record
SF:lib\core\activity-management\data\repositories\update-activity-status-service-impl.dart
DA:20,1
DA:25,1
DA:29,2
DA:30,3
LF:4
LH:4
end_of_record
SF:lib\core\activity-management\data\sources\update-activity-status-remote-sevice.dart
DA:31,0
DA:36,0
DA:40,0
DA:42,0
DA:44,0
DA:45,0
DA:47,0
DA:48,0
LF:8
LH:0
end_of_record
SF:lib\core\activity-management\data\repositories\start-activity-service-impl.dart
DA:20,1
DA:25,1
DA:29,2
DA:30,3
LF:4
LH:4
end_of_record
SF:lib\core\activity-management\data\sources\start-activity-remote-service.dart
DA:30,0
DA:35,0
DA:40,0
DA:41,0
DA:42,0
DA:45,0
DA:46,0
DA:47,0
DA:49,0
DA:50,0
LF:10
LH:0
end_of_record
SF:lib\core\auth\domain\usecases\get-user-details.dart
DA:11,1
DA:15,1
DA:16,2
LF:3
LH:3
end_of_record
SF:lib\features\focus\data\repositories\add-issue-service-impl.dart
DA:19,1
DA:24,1
DA:25,2
DA:26,3
LF:4
LH:4
end_of_record
SF:lib\features\focus\data\sources\add-issue-remote-service.dart
DA:25,1
DA:30,1
DA:31,3
DA:32,1
DA:33,2
DA:35,3
DA:36,1
LF:7
LH:7
end_of_record
SF:lib\features\focus\domain\entities\add-issue-success.dart
DA:6,9
LF:1
LH:1
end_of_record
SF:lib\core\extensions\make-server-success-message.dart
DA:2,17
DA:3,17
LF:2
LH:2
end_of_record
SF:lib\core\success\success-messages.dart
DA:4,0
DA:5,9
DA:6,0
DA:7,9
DA:8,9
DA:9,15
DA:10,0
DA:11,0
DA:12,0
DA:13,9
LF:10
LH:5
end_of_record
SF:lib\features\focus\data\repositories\get-issues-repository-impl.dart
DA:18,1
DA:23,1
DA:24,2
DA:25,3
LF:4
LH:4
end_of_record
SF:lib\features\focus\data\sources\get-issues-remote-data-source.dart
DA:24,1
DA:29,1
DA:30,3
DA:31,1
DA:33,3
DA:34,2
DA:36,1
DA:37,2
DA:39,1
LF:9
LH:9
end_of_record
SF:lib\features\focus\data\repositories\remove-issue-service-impl.dart
DA:21,1
DA:26,1
DA:27,2
DA:28,3
LF:4
LH:4
end_of_record
SF:lib\features\focus\domain\entities\issue-removed-success.dart
DA:6,6
LF:1
LH:1
end_of_record
SF:lib\features\focus\data\sources\remove-issue-remote-service.dart
DA:25,1
DA:30,1
DA:31,3
DA:32,1
DA:33,2
DA:35,3
DA:36,1
LF:7
LH:7
end_of_record
SF:lib\features\hub\domain\entities\success-create-traveller.dart
DA:5,1
DA:6,0
LF:2
LH:1
end_of_record
SF:lib\features\rapport-building\data\models\feeling-model.dart
DA:8,3
DA:10,1
DA:11,1
DA:12,1
DA:16,1
DA:17,1
DA:18,1
LF:7
LH:7
end_of_record
SF:lib\features\rapport-building\domain\entities\feeling.dart
DA:10,2
DA:11,1
DA:12,2
LF:3
LH:3
end_of_record
SF:lib\features\instant-relief\data\repositories\get-instant-relief-areas-repository-impl.dart
DA:20,1
DA:25,1
DA:26,2
DA:27,3
DA:32,0
DA:35,0
DA:36,0
LF:7
LH:4
end_of_record
SF:lib\features\instant-relief\data\sources\get-instant-relief-areas-remote-data-source.dart
DA:31,1
DA:36,1
DA:37,3
DA:38,1
DA:40,3
DA:41,2
DA:43,1
DA:44,2
DA:47,1
DA:51,0
DA:54,0
DA:55,0
DA:57,0
DA:58,0
DA:60,0
DA:61,0
DA:65,0
LF:17
LH:9
end_of_record
SF:lib\features\instant-relief\data\models\emergency-number-model.dart
DA:8,1
DA:10,0
DA:14,0
DA:15,0
DA:18,0
DA:22,0
DA:24,0
DA:25,0
LF:8
LH:1
end_of_record
SF:lib\features\instant-relief\data\repositories\list-emergency-numbers-repository-impl.dart
DA:19,1
DA:24,1
DA:25,2
DA:26,3
LF:4
LH:4
end_of_record
SF:lib\features\instant-relief\data\sources\list-emergency-numbers-remote-service.dart
DA:29,1
DA:34,1
DA:35,3
DA:36,1
DA:38,3
DA:39,2
DA:41,1
DA:42,0
DA:45,1
LF:9
LH:8
end_of_record
SF:lib\features\rapport-building\data\repository\get-all-moods-repository-impl.dart
DA:18,1
DA:23,1
DA:24,5
LF:3
LH:3
end_of_record
SF:lib\features\rapport-building\data\sources\get-all-moods-remote-data-source.dart
DA:27,1
DA:32,1
DA:33,3
DA:34,1
DA:36,3
DA:37,2
DA:38,3
DA:39,1
LF:8
LH:8
end_of_record
SF:lib\features\rapport-building\data\repository\set-subject-mood-service-impl.dart
DA:18,1
DA:23,1
DA:25,2
DA:26,3
LF:4
LH:4
end_of_record
SF:lib\features\rapport-building\data\sources\set-subject-mood-remote-service.dart
DA:27,1
DA:32,1
DA:36,3
DA:37,1
DA:38,2
DA:43,2
DA:44,3
DA:45,2
DA:46,1
LF:9
LH:9
end_of_record
SF:lib\features\rapport-building\domain\entities\set-mood-success.dart
DA:6,0
LF:1
LH:0
end_of_record
SF:lib\features\rapport-building\data\repository\set-subject-name-service-impl.dart
DA:17,1
DA:23,1
DA:27,2
DA:28,3
LF:4
LH:4
end_of_record
SF:lib\features\rapport-building\data\sources\set-subject-name-remote-service.dart
DA:29,1
DA:34,1
DA:37,3
DA:38,1
DA:39,1
DA:40,1
DA:45,3
DA:46,1
DA:47,2
LF:9
LH:9
end_of_record
SF:lib\features\rapport-building\data\repository\track-subject-mood-service-impl.dart
DA:19,1
DA:24,1
DA:27,2
DA:28,3
LF:4
LH:4
end_of_record
SF:lib\features\rapport-building\data\sources\track-subject-mood-remote-service.dart
DA:33,1
DA:38,1
DA:39,3
DA:40,1
DA:41,1
DA:42,1
DA:45,3
DA:46,1
LF:8
LH:8
end_of_record
SF:lib\features\rapport-building\domain\entities\track-mood-success.dart
DA:6,9
LF:1
LH:1
end_of_record
SF:lib\features\what-path-to-choose\data\repositories\get_journey_path_list_repository_impl.dart
DA:18,1
DA:23,1
DA:24,2
DA:25,3
LF:4
LH:4
end_of_record
SF:lib\features\what-path-to-choose\data\sources\get_journey_path_list_remote_data_source.dart
DA:28,1
DA:33,1
DA:34,3
DA:35,1
DA:37,3
DA:38,2
DA:40,1
DA:41,1
DA:42,1
DA:44,1
LF:10
LH:10
end_of_record
SF:lib\features\what-path-to-choose\data\repositories\start-journey-service-impl.dart
DA:22,1
DA:27,1
DA:28,2
DA:29,3
LF:4
LH:4
end_of_record
SF:lib\features\what-path-to-choose\data\sources\start-journey-remote-service.dart
DA:31,1
DA:37,1
DA:38,3
DA:39,1
DA:40,2
DA:42,3
DA:46,3
DA:48,1
DA:51,0
DA:52,0
DA:54,1
LF:11
LH:9
end_of_record
SF:lib\features\what-path-to-choose\domain\entites\journey_started_success.dart
DA:6,9
LF:1
LH:1
end_of_record
SF:lib\features\wheel-of-life-track\data\repository\get-life-areas-repository-impl.dart
DA:18,1
DA:23,1
DA:24,2
DA:25,3
LF:4
LH:4
end_of_record
SF:lib\features\wheel-of-life-track\data\sources\get-life-areas-remote-data-source.dart
DA:27,1
DA:32,1
DA:33,3
DA:34,1
DA:36,3
DA:37,2
DA:38,1
DA:39,2
DA:43,1
LF:9
LH:9
end_of_record
SF:lib\features\wheel-of-life-track\data\repository\get-rating-scale-repository-impl.dart
DA:18,1
DA:23,1
DA:24,2
DA:25,3
LF:4
LH:4
end_of_record
SF:lib\features\wheel-of-life-track\data\sources\get-rating-scale-remote-data-source.dart
DA:29,1
DA:34,1
DA:35,3
DA:36,1
DA:38,3
DA:39,1
DA:40,2
LF:7
LH:7
end_of_record
SF:lib\features\wheel-of-life-track\data\repository\prioritize-service-impl.dart
DA:22,1
DA:27,1
DA:30,2
DA:31,3
LF:4
LH:4
end_of_record
SF:lib\features\wheel-of-life-track\data\sources\prioritize-remote-service.dart
DA:31,1
DA:36,1
DA:39,3
DA:40,1
DA:41,2
DA:43,3
DA:44,1
LF:7
LH:7
end_of_record
SF:lib\features\wheel-of-life-track\domain\entities\success-prioritize.dart
DA:6,9
LF:1
LH:1
end_of_record
SF:lib\features\wheel-of-life-track\data\repository\rate-satisfaction-ratings-service-impl.dart
DA:22,1
DA:27,1
DA:30,2
DA:31,3
LF:4
LH:4
end_of_record
SF:lib\features\wheel-of-life-track\data\sources\rate-satisfaction-remote-service.dart
DA:32,1
DA:37,1
DA:40,3
DA:41,1
DA:42,2
DA:44,3
DA:45,1
LF:7
LH:7
end_of_record
SF:lib\features\wheel-of-life-track\domain\entities\rated-satisfaction-success.dart
DA:6,9
LF:1
LH:1
end_of_record
